[ 2018-11-30T16:08:22+08:00 ] 127.0.0.1 /
INFO: [ app_init ] --START--
INFO: Run Behavior\BuildLiteBehavior [ RunTime:0.000026s ]
INFO: [ app_init ] --END-- [ RunTime:0.001257s ]
INFO: [ app_begin ] --START--
INFO: Run Behavior\ReadHtmlCacheBehavior [ RunTime:0.000881s ]
INFO: [ app_begin ] --END-- [ RunTime:0.000992s ]
ERR: SQLSTATE[HY000] [2002] Connection refused

[ 2018-11-30T16:08:23+08:00 ] 127.0.0.1 /every.js.map
INFO: [ app_init ] --START--
INFO: Run Behavior\BuildLiteBehavior [ RunTime:0.000055s ]
INFO: [ app_init ] --END-- [ RunTime:0.000793s ]
INFO: [ app_begin ] --START--
INFO: Run Behavior\ReadHtmlCacheBehavior [ RunTime:0.000556s ]
INFO: [ app_begin ] --END-- [ RunTime:0.000606s ]
ERR: 无法加载控制器:Every.js

[ 2018-11-30T16:08:29+08:00 ] 127.0.0.1 /Home/Index/home
INFO: [ app_init ] --START--
INFO: Run Behavior\BuildLiteBehavior [ RunTime:0.000022s ]
INFO: [ app_init ] --END-- [ RunTime:0.000426s ]
INFO: [ app_begin ] --START--
INFO: Run Behavior\ReadHtmlCacheBehavior [ RunTime:0.000477s ]
INFO: [ app_begin ] --END-- [ RunTime:0.000519s ]
ERR: SQLSTATE[HY000] [2002] Connection refused

[ 2018-11-30T16:08:29+08:00 ] 127.0.0.1 /Home/Index/every.js.map
INFO: [ app_init ] --START--
INFO: Run Behavior\BuildLiteBehavior [ RunTime:0.000029s ]
INFO: [ app_init ] --END-- [ RunTime:0.000678s ]
INFO: [ app_begin ] --START--
INFO: Run Behavior\ReadHtmlCacheBehavior [ RunTime:0.000493s ]
INFO: [ app_begin ] --END-- [ RunTime:0.000543s ]
ERR: SQLSTATE[HY000] [2002] Connection refused

[ 2018-11-30T16:08:31+08:00 ] 127.0.0.1 /Home/Index/home
INFO: [ app_init ] --START--
INFO: Run Behavior\BuildLiteBehavior [ RunTime:0.000013s ]
INFO: [ app_init ] --END-- [ RunTime:0.000351s ]
INFO: [ app_begin ] --START--
INFO: Run Behavior\ReadHtmlCacheBehavior [ RunTime:0.000486s ]
INFO: [ app_begin ] --END-- [ RunTime:0.000537s ]
ERR: SQLSTATE[HY000] [2002] Connection refused

[ 2018-11-30T16:08:31+08:00 ] 127.0.0.1 /Home/Index/every.js.map
INFO: [ app_init ] --START--
INFO: Run Behavior\BuildLiteBehavior [ RunTime:0.000018s ]
INFO: [ app_init ] --END-- [ RunTime:0.000480s ]
INFO: [ app_begin ] --START--
INFO: Run Behavior\ReadHtmlCacheBehavior [ RunTime:0.000683s ]
INFO: [ app_begin ] --END-- [ RunTime:0.000787s ]
ERR: SQLSTATE[HY000] [2002] Connection refused

[ 2018-11-30T16:08:45+08:00 ] 127.0.0.1 /install/
INFO: [ app_init ] --START--
INFO: Run Behavior\BuildLiteBehavior [ RunTime:0.000032s ]
INFO: [ app_init ] --END-- [ RunTime:0.000649s ]
INFO: [ app_begin ] --START--
INFO: Run Behavior\ReadHtmlCacheBehavior [ RunTime:0.000784s ]
INFO: [ app_begin ] --END-- [ RunTime:0.000871s ]
ERR: 无法加载控制器:Install

[ 2018-11-30T16:08:45+08:00 ] 127.0.0.1 /install/every.js.map
INFO: [ app_init ] --START--
INFO: Run Behavior\BuildLiteBehavior [ RunTime:0.000016s ]
INFO: [ app_init ] --END-- [ RunTime:0.000590s ]
INFO: [ app_begin ] --START--
INFO: Run Behavior\ReadHtmlCacheBehavior [ RunTime:0.000786s ]
INFO: [ app_begin ] --END-- [ RunTime:0.000837s ]
ERR: 无法加载控制器:Install

[ 2018-11-30T16:08:51+08:00 ] 127.0.0.1 /publicinstall/
INFO: [ app_init ] --START--
INFO: Run Behavior\BuildLiteBehavior [ RunTime:0.000012s ]
INFO: [ app_init ] --END-- [ RunTime:0.000508s ]
INFO: [ app_begin ] --START--
INFO: Run Behavior\ReadHtmlCacheBehavior [ RunTime:0.000647s ]
INFO: [ app_begin ] --END-- [ RunTime:0.000751s ]
ERR: 无法加载控制器:Publicinstall

[ 2018-11-30T16:08:52+08:00 ] 127.0.0.1 /publicinstall/every.js.map
INFO: [ app_init ] --START--
INFO: Run Behavior\BuildLiteBehavior [ RunTime:0.000016s ]
INFO: [ app_init ] --END-- [ RunTime:0.000589s ]
INFO: [ app_begin ] --START--
INFO: Run Behavior\ReadHtmlCacheBehavior [ RunTime:0.000665s ]
INFO: [ app_begin ] --END-- [ RunTime:0.000745s ]
ERR: 无法加载控制器:Publicinstall

[ 2018-11-30T16:09:00+08:00 ] 127.0.0.1 /public/install/every.js.map
INFO: [ app_init ] --START--
INFO: Run Behavior\BuildLiteBehavior [ RunTime:0.000010s ]
INFO: [ app_init ] --END-- [ RunTime:0.000450s ]
INFO: [ app_begin ] --START--
INFO: Run Behavior\ReadHtmlCacheBehavior [ RunTime:0.000596s ]
INFO: [ app_begin ] --END-- [ RunTime:0.000656s ]
ERR: 无法加载控制器:Public

[ 2018-11-30T16:12:47+08:00 ] 127.0.0.1 /Public/install/every.js.map
INFO: [ app_init ] --START--
INFO: Run Behavior\BuildLiteBehavior [ RunTime:0.000013s ]
INFO: [ app_init ] --END-- [ RunTime:0.000607s ]
INFO: [ app_begin ] --START--
INFO: Run Behavior\ReadHtmlCacheBehavior [ RunTime:0.000617s ]
INFO: [ app_begin ] --END-- [ RunTime:0.000671s ]
ERR: 无法加载控制器:Public

[ 2018-11-30T16:12:51+08:00 ] 127.0.0.1 /
INFO: [ app_init ] --START--
INFO: Run Behavior\BuildLiteBehavior [ RunTime:0.000013s ]
INFO: [ app_init ] --END-- [ RunTime:0.000346s ]
INFO: [ app_begin ] --START--
INFO: Run Behavior\ReadHtmlCacheBehavior [ RunTime:0.000536s ]
INFO: [ app_begin ] --END-- [ RunTime:0.000609s ]
ERR: SQLSTATE[HY000] [2002] Connection refused

[ 2018-11-30T16:12:52+08:00 ] 127.0.0.1 /every.js.map
INFO: [ app_init ] --START--
INFO: Run Behavior\BuildLiteBehavior [ RunTime:0.000019s ]
INFO: [ app_init ] --END-- [ RunTime:0.000523s ]
INFO: [ app_begin ] --START--
INFO: Run Behavior\ReadHtmlCacheBehavior [ RunTime:0.000666s ]
INFO: [ app_begin ] --END-- [ RunTime:0.000740s ]
ERR: 无法加载控制器:Every.js

[ 2018-11-30T16:13:03+08:00 ] 127.0.0.1 /Home/Index/home
INFO: [ app_init ] --START--
INFO: Run Behavior\BuildLiteBehavior [ RunTime:0.000012s ]
INFO: [ app_init ] --END-- [ RunTime:0.000367s ]
INFO: [ app_begin ] --START--
INFO: Run Behavior\ReadHtmlCacheBehavior [ RunTime:0.000427s ]
INFO: [ app_begin ] --END-- [ RunTime:0.000461s ]
ERR: SQLSTATE[HY000] [2002] Connection refused

[ 2018-11-30T16:13:04+08:00 ] 127.0.0.1 /Home/Index/every.js.map
INFO: [ app_init ] --START--
INFO: Run Behavior\BuildLiteBehavior [ RunTime:0.000017s ]
INFO: [ app_init ] --END-- [ RunTime:0.000433s ]
INFO: [ app_begin ] --START--
INFO: Run Behavior\ReadHtmlCacheBehavior [ RunTime:0.000582s ]
INFO: [ app_begin ] --END-- [ RunTime:0.000637s ]
ERR: SQLSTATE[HY000] [2002] Connection refused

[ 2018-11-30T16:13:05+08:00 ] 127.0.0.1 /Home/Index/home
INFO: [ app_init ] --START--
INFO: Run Behavior\BuildLiteBehavior [ RunTime:0.000012s ]
INFO: [ app_init ] --END-- [ RunTime:0.000356s ]
INFO: [ app_begin ] --START--
INFO: Run Behavior\ReadHtmlCacheBehavior [ RunTime:0.000431s ]
INFO: [ app_begin ] --END-- [ RunTime:0.000473s ]
ERR: SQLSTATE[HY000] [2002] Connection refused

[ 2018-11-30T16:13:05+08:00 ] 127.0.0.1 /Home/Index/every.js.map
INFO: [ app_init ] --START--
INFO: Run Behavior\BuildLiteBehavior [ RunTime:0.000021s ]
INFO: [ app_init ] --END-- [ RunTime:0.000504s ]
INFO: [ app_begin ] --START--
INFO: Run Behavior\ReadHtmlCacheBehavior [ RunTime:0.000644s ]
INFO: [ app_begin ] --END-- [ RunTime:0.000733s ]
ERR: SQLSTATE[HY000] [2002] Connection refused

[ 2018-11-30T16:13:49+08:00 ] 127.0.0.1 /Home/Index/home
INFO: [ app_init ] --START--
INFO: Run Behavior\BuildLiteBehavior [ RunTime:0.000012s ]
INFO: [ app_init ] --END-- [ RunTime:0.000347s ]
INFO: [ app_begin ] --START--
INFO: Run Behavior\ReadHtmlCacheBehavior [ RunTime:0.000574s ]
INFO: [ app_begin ] --END-- [ RunTime:0.000623s ]
ERR: SQLSTATE[HY000] [2002] Connection refused

[ 2018-11-30T16:13:50+08:00 ] 127.0.0.1 /Home/Index/every.js.map
INFO: [ app_init ] --START--
INFO: Run Behavior\BuildLiteBehavior [ RunTime:0.000016s ]
INFO: [ app_init ] --END-- [ RunTime:0.000470s ]
INFO: [ app_begin ] --START--
INFO: Run Behavior\ReadHtmlCacheBehavior [ RunTime:0.000623s ]
INFO: [ app_begin ] --END-- [ RunTime:0.000678s ]
ERR: SQLSTATE[HY000] [2002] Connection refused

[ 2018-11-30T16:14:16+08:00 ] 127.0.0.1 /Home/Index/home
INFO: [ app_init ] --START--
INFO: Run Behavior\BuildLiteBehavior [ RunTime:0.000015s ]
INFO: [ app_init ] --END-- [ RunTime:0.000446s ]
INFO: [ app_begin ] --START--
INFO: Run Behavior\ReadHtmlCacheBehavior [ RunTime:0.000557s ]
INFO: [ app_begin ] --END-- [ RunTime:0.000606s ]
ERR: SQLSTATE[HY000] [2002] Connection refused

[ 2018-11-30T16:14:17+08:00 ] 127.0.0.1 /Home/Index/every.js.map
INFO: [ app_init ] --START--
INFO: Run Behavior\BuildLiteBehavior [ RunTime:0.000014s ]
INFO: [ app_init ] --END-- [ RunTime:0.000437s ]
INFO: [ app_begin ] --START--
INFO: Run Behavior\ReadHtmlCacheBehavior [ RunTime:0.000530s ]
INFO: [ app_begin ] --END-- [ RunTime:0.000577s ]
ERR: SQLSTATE[HY000] [2002] Connection refused

[ 2018-11-30T16:14:19+08:00 ] 127.0.0.1 /Home/Index/home
INFO: [ app_init ] --START--
INFO: Run Behavior\BuildLiteBehavior [ RunTime:0.000013s ]
INFO: [ app_init ] --END-- [ RunTime:0.000399s ]
INFO: [ app_begin ] --START--
INFO: Run Behavior\ReadHtmlCacheBehavior [ RunTime:0.000478s ]
INFO: [ app_begin ] --END-- [ RunTime:0.000528s ]
ERR: SQLSTATE[HY000] [2002] Connection refused

[ 2018-11-30T16:14:19+08:00 ] 127.0.0.1 /Home/Index/every.js.map
INFO: [ app_init ] --START--
INFO: Run Behavior\BuildLiteBehavior [ RunTime:0.000013s ]
INFO: [ app_init ] --END-- [ RunTime:0.000544s ]
INFO: [ app_begin ] --START--
INFO: Run Behavior\ReadHtmlCacheBehavior [ RunTime:0.000680s ]
INFO: [ app_begin ] --END-- [ RunTime:0.000743s ]
ERR: SQLSTATE[HY000] [2002] Connection refused

[ 2018-11-30T16:15:13+08:00 ] 127.0.0.1 /
INFO: [ app_init ] --START--
INFO: Run Behavior\BuildLiteBehavior [ RunTime:0.000018s ]
INFO: [ app_init ] --END-- [ RunTime:0.000449s ]
INFO: [ app_begin ] --START--
INFO: Run Behavior\ReadHtmlCacheBehavior [ RunTime:0.000621s ]
INFO: [ app_begin ] --END-- [ RunTime:0.000707s ]
ERR: SQLSTATE[HY000] [2002] Connection refused

[ 2018-11-30T16:15:14+08:00 ] 127.0.0.1 /every.js.map
INFO: [ app_init ] --START--
INFO: Run Behavior\BuildLiteBehavior [ RunTime:0.000019s ]
INFO: [ app_init ] --END-- [ RunTime:0.000551s ]
INFO: [ app_begin ] --START--
INFO: Run Behavior\ReadHtmlCacheBehavior [ RunTime:0.000619s ]
INFO: [ app_begin ] --END-- [ RunTime:0.000696s ]
ERR: 无法加载控制器:Every.js

[ 2018-11-30T16:15:24+08:00 ] 127.0.0.1 /Home/Index/home
INFO: [ app_init ] --START--
INFO: Run Behavior\BuildLiteBehavior [ RunTime:0.000052s ]
INFO: [ app_init ] --END-- [ RunTime:0.000526s ]
INFO: [ app_begin ] --START--
INFO: Run Behavior\ReadHtmlCacheBehavior [ RunTime:0.000760s ]
INFO: [ app_begin ] --END-- [ RunTime:0.000808s ]
ERR: SQLSTATE[HY000] [2002] Connection refused

[ 2018-11-30T16:15:24+08:00 ] 127.0.0.1 /Home/Index/every.js.map
INFO: [ app_init ] --START--
INFO: Run Behavior\BuildLiteBehavior [ RunTime:0.000033s ]
INFO: [ app_init ] --END-- [ RunTime:0.000556s ]
INFO: [ app_begin ] --START--
INFO: Run Behavior\ReadHtmlCacheBehavior [ RunTime:0.001079s ]
INFO: [ app_begin ] --END-- [ RunTime:0.001139s ]
ERR: SQLSTATE[HY000] [2002] Connection refused

[ 2018-11-30T16:15:48+08:00 ] 127.0.0.1 /Home/Index/home
INFO: [ app_init ] --START--
INFO: Run Behavior\BuildLiteBehavior [ RunTime:0.000015s ]
INFO: [ app_init ] --END-- [ RunTime:0.000360s ]
INFO: [ app_begin ] --START--
INFO: Run Behavior\ReadHtmlCacheBehavior [ RunTime:0.000510s ]
INFO: [ app_begin ] --END-- [ RunTime:0.000554s ]
ERR: SQLSTATE[HY000] [2002] Connection refused

[ 2018-11-30T16:15:49+08:00 ] 127.0.0.1 /Home/Index/every.js.map
INFO: [ app_init ] --START--
INFO: Run Behavior\BuildLiteBehavior [ RunTime:0.000015s ]
INFO: [ app_init ] --END-- [ RunTime:0.000544s ]
INFO: [ app_begin ] --START--
INFO: Run Behavior\ReadHtmlCacheBehavior [ RunTime:0.000629s ]
INFO: [ app_begin ] --END-- [ RunTime:0.000671s ]
ERR: SQLSTATE[HY000] [2002] Connection refused

[ 2018-11-30T16:15:50+08:00 ] 127.0.0.1 /Home/Index/home
INFO: [ app_init ] --START--
INFO: Run Behavior\BuildLiteBehavior [ RunTime:0.000012s ]
INFO: [ app_init ] --END-- [ RunTime:0.000395s ]
INFO: [ app_begin ] --START--
INFO: Run Behavior\ReadHtmlCacheBehavior [ RunTime:0.000496s ]
INFO: [ app_begin ] --END-- [ RunTime:0.000541s ]
ERR: SQLSTATE[HY000] [2002] Connection refused

[ 2018-11-30T16:15:50+08:00 ] 127.0.0.1 /Home/Index/every.js.map
INFO: [ app_init ] --START--
INFO: Run Behavior\BuildLiteBehavior [ RunTime:0.000017s ]
INFO: [ app_init ] --END-- [ RunTime:0.000444s ]
INFO: [ app_begin ] --START--
INFO: Run Behavior\ReadHtmlCacheBehavior [ RunTime:0.000711s ]
INFO: [ app_begin ] --END-- [ RunTime:0.000796s ]
ERR: SQLSTATE[HY000] [2002] Connection refused

[ 2018-11-30T16:16:46+08:00 ] 127.0.0.1 /Home/login/index
INFO: [ app_init ] --START--
INFO: Run Behavior\BuildLiteBehavior [ RunTime:0.000020s ]
INFO: [ app_init ] --END-- [ RunTime:0.000400s ]
INFO: [ app_begin ] --START--
INFO: Run Behavior\ReadHtmlCacheBehavior [ RunTime:0.000505s ]
INFO: [ app_begin ] --END-- [ RunTime:0.000557s ]
ERR: SQLSTATE[HY000] [2002] Connection refused

[ 2018-11-30T16:16:47+08:00 ] 127.0.0.1 /Home/login/every.js.map
INFO: [ app_init ] --START--
INFO: Run Behavior\BuildLiteBehavior [ RunTime:0.000017s ]
INFO: [ app_init ] --END-- [ RunTime:0.000430s ]
INFO: [ app_begin ] --START--
INFO: Run Behavior\ReadHtmlCacheBehavior [ RunTime:0.000528s ]
INFO: [ app_begin ] --END-- [ RunTime:0.000580s ]
ERR: SQLSTATE[HY000] [2002] Connection refused

[ 2018-11-30T16:17:15+08:00 ] 127.0.0.1 /
INFO: [ app_init ] --START--
INFO: Run Behavior\BuildLiteBehavior [ RunTime:0.000012s ]
INFO: [ app_init ] --END-- [ RunTime:0.000431s ]
INFO: [ app_begin ] --START--
INFO: Run Behavior\ReadHtmlCacheBehavior [ RunTime:0.000420s ]
INFO: [ app_begin ] --END-- [ RunTime:0.000458s ]
ERR: SQLSTATE[HY000] [2002] Connection refused

[ 2018-11-30T16:17:15+08:00 ] 127.0.0.1 /every.js.map
INFO: [ app_init ] --START--
INFO: Run Behavior\BuildLiteBehavior [ RunTime:0.000017s ]
INFO: [ app_init ] --END-- [ RunTime:0.000474s ]
INFO: [ app_begin ] --START--
INFO: Run Behavior\ReadHtmlCacheBehavior [ RunTime:0.000631s ]
INFO: [ app_begin ] --END-- [ RunTime:0.000688s ]
ERR: 无法加载控制器:Every.js

[ 2018-11-30T16:21:57+08:00 ] 127.0.0.1 /
INFO: [ app_init ] --START--
INFO: Run Behavior\BuildLiteBehavior [ RunTime:0.000017s ]
INFO: [ app_init ] --END-- [ RunTime:0.000716s ]
INFO: [ app_begin ] --START--
INFO: Run Behavior\ReadHtmlCacheBehavior [ RunTime:0.001041s ]
INFO: [ app_begin ] --END-- [ RunTime:0.001092s ]
ERR: SQLSTATE[HY000] [2002] Connection refused

[ 2018-11-30T16:21:57+08:00 ] 127.0.0.1 /every.js.map
INFO: [ app_init ] --START--
INFO: Run Behavior\BuildLiteBehavior [ RunTime:0.000017s ]
INFO: [ app_init ] --END-- [ RunTime:0.000473s ]
INFO: [ app_begin ] --START--
INFO: Run Behavior\ReadHtmlCacheBehavior [ RunTime:0.000832s ]
INFO: [ app_begin ] --END-- [ RunTime:0.000927s ]
ERR: 无法加载控制器:Every.js

[ 2018-11-30T16:22:54+08:00 ] 127.0.0.1 /
INFO: [ app_init ] --START--
INFO: Run Behavior\BuildLiteBehavior [ RunTime:0.000028s ]
INFO: [ app_init ] --END-- [ RunTime:0.000830s ]
INFO: [ app_begin ] --START--
INFO: Run Behavior\ReadHtmlCacheBehavior [ RunTime:0.000762s ]
INFO: [ app_begin ] --END-- [ RunTime:0.000844s ]
ERR: SQLSTATE[HY000] [2002] Connection refused

[ 2018-11-30T16:22:55+08:00 ] 127.0.0.1 /every.js.map
INFO: [ app_init ] --START--
INFO: Run Behavior\BuildLiteBehavior [ RunTime:0.000023s ]
INFO: [ app_init ] --END-- [ RunTime:0.000548s ]
INFO: [ app_begin ] --START--
INFO: Run Behavior\ReadHtmlCacheBehavior [ RunTime:0.000684s ]
INFO: [ app_begin ] --END-- [ RunTime:0.000761s ]
ERR: 无法加载控制器:Every.js

[ 2018-11-30T16:24:43+08:00 ] 127.0.0.1 /
INFO: [ app_init ] --START--
INFO: Run Behavior\BuildLiteBehavior [ RunTime:0.000014s ]
INFO: [ app_init ] --END-- [ RunTime:0.000506s ]
INFO: [ app_begin ] --START--
INFO: Run Behavior\ReadHtmlCacheBehavior [ RunTime:0.000815s ]
INFO: [ app_begin ] --END-- [ RunTime:0.000919s ]
ERR: SQLSTATE[HY000] [2002] Connection refused

[ 2018-11-30T16:24:43+08:00 ] 127.0.0.1 /every.js.map
INFO: [ app_init ] --START--
INFO: Run Behavior\BuildLiteBehavior [ RunTime:0.000045s ]
INFO: [ app_init ] --END-- [ RunTime:0.000652s ]
INFO: [ app_begin ] --START--
INFO: Run Behavior\ReadHtmlCacheBehavior [ RunTime:0.000884s ]
INFO: [ app_begin ] --END-- [ RunTime:0.000974s ]
ERR: 无法加载控制器:Every.js

[ 2018-11-30T16:26:48+08:00 ] 127.0.0.1 /
INFO: [ app_init ] --START--
INFO: Run Behavior\BuildLiteBehavior [ RunTime:0.000014s ]
INFO: [ app_init ] --END-- [ RunTime:0.000819s ]
INFO: [ app_begin ] --START--
INFO: Run Behavior\ReadHtmlCacheBehavior [ RunTime:0.001395s ]
INFO: [ app_begin ] --END-- [ RunTime:0.001462s ]
ERR: SQLSTATE[HY000] [1049] Unknown database 'mlmcms_direct_soft'

[ 2018-11-30T16:26:48+08:00 ] 127.0.0.1 /every.js.map
INFO: [ app_init ] --START--
INFO: Run Behavior\BuildLiteBehavior [ RunTime:0.000016s ]
INFO: [ app_init ] --END-- [ RunTime:0.000435s ]
INFO: [ app_begin ] --START--
INFO: Run Behavior\ReadHtmlCacheBehavior [ RunTime:0.000640s ]
INFO: [ app_begin ] --END-- [ RunTime:0.000699s ]
ERR: 无法加载控制器:Every.js

[ 2018-11-30T16:27:01+08:00 ] 127.0.0.1 /
INFO: [ app_init ] --START--
INFO: Run Behavior\BuildLiteBehavior [ RunTime:0.000025s ]
INFO: [ app_init ] --END-- [ RunTime:0.000794s ]
INFO: [ app_begin ] --START--
INFO: Run Behavior\ReadHtmlCacheBehavior [ RunTime:0.000578s ]
INFO: [ app_begin ] --END-- [ RunTime:0.000668s ]
ERR: SQLSTATE[HY000] [1049] Unknown database 'mlmcms_direct_soft'

[ 2018-11-30T16:27:02+08:00 ] 127.0.0.1 /every.js.map
INFO: [ app_init ] --START--
INFO: Run Behavior\BuildLiteBehavior [ RunTime:0.000015s ]
INFO: [ app_init ] --END-- [ RunTime:0.000428s ]
INFO: [ app_begin ] --START--
INFO: Run Behavior\ReadHtmlCacheBehavior [ RunTime:0.000614s ]
INFO: [ app_begin ] --END-- [ RunTime:0.000696s ]
ERR: 无法加载控制器:Every.js

[ 2018-11-30T16:27:04+08:00 ] 127.0.0.1 /
INFO: [ app_init ] --START--
INFO: Run Behavior\BuildLiteBehavior [ RunTime:0.000012s ]
INFO: [ app_init ] --END-- [ RunTime:0.000310s ]
INFO: [ app_begin ] --START--
INFO: Run Behavior\ReadHtmlCacheBehavior [ RunTime:0.000405s ]
INFO: [ app_begin ] --END-- [ RunTime:0.000437s ]
ERR: SQLSTATE[HY000] [1049] Unknown database 'mlmcms_direct_soft'

[ 2018-11-30T16:27:05+08:00 ] 127.0.0.1 /every.js.map
INFO: [ app_init ] --START--
INFO: Run Behavior\BuildLiteBehavior [ RunTime:0.000016s ]
INFO: [ app_init ] --END-- [ RunTime:0.000490s ]
INFO: [ app_begin ] --START--
INFO: Run Behavior\ReadHtmlCacheBehavior [ RunTime:0.000634s ]
INFO: [ app_begin ] --END-- [ RunTime:0.000743s ]
ERR: 无法加载控制器:Every.js

[ 2018-11-30T16:27:06+08:00 ] 127.0.0.1 /Home/Index/home
INFO: [ app_init ] --START--
INFO: Run Behavior\BuildLiteBehavior [ RunTime:0.000012s ]
INFO: [ app_init ] --END-- [ RunTime:0.000321s ]
INFO: [ app_begin ] --START--
INFO: Run Behavior\ReadHtmlCacheBehavior [ RunTime:0.000464s ]
INFO: [ app_begin ] --END-- [ RunTime:0.000505s ]
ERR: SQLSTATE[HY000] [1049] Unknown database 'mlmcms_direct_soft'

[ 2018-11-30T16:27:06+08:00 ] 127.0.0.1 /Home/Index/every.js.map
INFO: [ app_init ] --START--
INFO: Run Behavior\BuildLiteBehavior [ RunTime:0.000012s ]
INFO: [ app_init ] --END-- [ RunTime:0.000528s ]
INFO: [ app_begin ] --START--
INFO: Run Behavior\ReadHtmlCacheBehavior [ RunTime:0.000662s ]
INFO: [ app_begin ] --END-- [ RunTime:0.000743s ]
ERR: SQLSTATE[HY000] [1049] Unknown database 'mlmcms_direct_soft'

[ 2018-11-30T16:27:45+08:00 ] 127.0.0.1 /Home/Index/home
INFO: [ app_init ] --START--
INFO: Run Behavior\BuildLiteBehavior [ RunTime:0.000013s ]
INFO: [ app_init ] --END-- [ RunTime:0.000638s ]
INFO: [ app_begin ] --START--
INFO: Run Behavior\ReadHtmlCacheBehavior [ RunTime:0.000900s ]
INFO: [ app_begin ] --END-- [ RunTime:0.000952s ]
ERR: SQLSTATE[HY000] [1049] Unknown database 'mlmcms_direct_soft'

[ 2018-11-30T16:27:45+08:00 ] 127.0.0.1 /Home/Index/every.js.map
INFO: [ app_init ] --START--
INFO: Run Behavior\BuildLiteBehavior [ RunTime:0.000019s ]
INFO: [ app_init ] --END-- [ RunTime:0.000433s ]
INFO: [ app_begin ] --START--
INFO: Run Behavior\ReadHtmlCacheBehavior [ RunTime:0.000682s ]
INFO: [ app_begin ] --END-- [ RunTime:0.000746s ]
ERR: SQLSTATE[HY000] [1049] Unknown database 'mlmcms_direct_soft'

[ 2018-11-30T16:28:15+08:00 ] 127.0.0.1 /Home/Index/home
INFO: [ app_init ] --START--
INFO: Run Behavior\BuildLiteBehavior [ RunTime:0.000011s ]
INFO: [ app_init ] --END-- [ RunTime:0.000292s ]
INFO: [ app_begin ] --START--
INFO: Run Behavior\ReadHtmlCacheBehavior [ RunTime:0.000400s ]
INFO: [ app_begin ] --END-- [ RunTime:0.000435s ]
ERR: SQLSTATE[HY000] [1049] Unknown database 'mlmcms_direct_soft'

[ 2018-11-30T16:28:16+08:00 ] 127.0.0.1 /Home/Index/every.js.map
INFO: [ app_init ] --START--
INFO: Run Behavior\BuildLiteBehavior [ RunTime:0.000014s ]
INFO: [ app_init ] --END-- [ RunTime:0.000422s ]
INFO: [ app_begin ] --START--
INFO: Run Behavior\ReadHtmlCacheBehavior [ RunTime:0.000715s ]
INFO: [ app_begin ] --END-- [ RunTime:0.000785s ]
ERR: SQLSTATE[HY000] [1049] Unknown database 'mlmcms_direct_soft'

[ 2018-11-30T16:28:16+08:00 ] 127.0.0.1 /favicon.ico
INFO: [ app_init ] --START--
INFO: Run Behavior\BuildLiteBehavior [ RunTime:0.000017s ]
INFO: [ app_init ] --END-- [ RunTime:0.000559s ]

[ 2018-11-30T16:36:01+08:00 ] 127.0.0.1 /Home/Index/home
INFO: [ app_init ] --START--
INFO: Run Behavior\BuildLiteBehavior [ RunTime:0.000014s ]
INFO: [ app_init ] --END-- [ RunTime:0.000583s ]
INFO: [ app_begin ] --START--
INFO: Run Behavior\ReadHtmlCacheBehavior [ RunTime:0.000877s ]
INFO: [ app_begin ] --END-- [ RunTime:0.000944s ]

[ 2018-11-30T16:36:01+08:00 ] 127.0.0.1 /Home/Index/home
INFO: [ app_init ] --START--
INFO: Run Behavior\BuildLiteBehavior [ RunTime:0.000034s ]
INFO: [ app_init ] --END-- [ RunTime:0.000673s ]
INFO: [ app_begin ] --START--
INFO: Run Behavior\ReadHtmlCacheBehavior [ RunTime:0.000670s ]
INFO: [ app_begin ] --END-- [ RunTime:0.000708s ]

[ 2018-11-30T16:36:01+08:00 ] 127.0.0.1 /Home/Index/every.js.map
INFO: [ app_init ] --START--
INFO: Run Behavior\BuildLiteBehavior [ RunTime:0.000017s ]
INFO: [ app_init ] --END-- [ RunTime:0.000468s ]
INFO: [ app_begin ] --START--
INFO: Run Behavior\ReadHtmlCacheBehavior [ RunTime:0.000673s ]
INFO: [ app_begin ] --END-- [ RunTime:0.000731s ]

[ 2018-11-30T16:36:16+08:00 ] 127.0.0.1 /Home/Index/home
INFO: [ app_init ] --START--
INFO: Run Behavior\BuildLiteBehavior [ RunTime:0.000015s ]
INFO: [ app_init ] --END-- [ RunTime:0.000424s ]
INFO: [ app_begin ] --START--
INFO: Run Behavior\ReadHtmlCacheBehavior [ RunTime:0.000437s ]
INFO: [ app_begin ] --END-- [ RunTime:0.000475s ]

[ 2018-11-30T16:36:16+08:00 ] 127.0.0.1 /Home/Index/home
INFO: [ app_init ] --START--
INFO: Run Behavior\BuildLiteBehavior [ RunTime:0.000014s ]
INFO: [ app_init ] --END-- [ RunTime:0.000467s ]
INFO: [ app_begin ] --START--
INFO: Run Behavior\ReadHtmlCacheBehavior [ RunTime:0.000616s ]
INFO: [ app_begin ] --END-- [ RunTime:0.000662s ]

[ 2018-11-30T16:36:17+08:00 ] 127.0.0.1 /Home/Index/every.js.map
INFO: [ app_init ] --START--
INFO: Run Behavior\BuildLiteBehavior [ RunTime:0.000016s ]
INFO: [ app_init ] --END-- [ RunTime:0.000452s ]
INFO: [ app_begin ] --START--
INFO: Run Behavior\ReadHtmlCacheBehavior [ RunTime:0.000788s ]
INFO: [ app_begin ] --END-- [ RunTime:0.000881s ]

[ 2018-11-30T16:37:05+08:00 ] 127.0.0.1 /Home/Index/home
INFO: [ app_init ] --START--
INFO: Run Behavior\BuildLiteBehavior [ RunTime:0.000014s ]
INFO: [ app_init ] --END-- [ RunTime:0.000381s ]
INFO: [ app_begin ] --START--
INFO: Run Behavior\ReadHtmlCacheBehavior [ RunTime:0.000516s ]
INFO: [ app_begin ] --END-- [ RunTime:0.000563s ]
ERR: SQLSTATE[HY000] [1049] Unknown database 'mlmcms_direct_soft'

[ 2018-11-30T16:37:06+08:00 ] 127.0.0.1 /Home/Index/every.js.map
INFO: [ app_init ] --START--
INFO: Run Behavior\BuildLiteBehavior [ RunTime:0.000017s ]
INFO: [ app_init ] --END-- [ RunTime:0.000565s ]
INFO: [ app_begin ] --START--
INFO: Run Behavior\ReadHtmlCacheBehavior [ RunTime:0.000645s ]
INFO: [ app_begin ] --END-- [ RunTime:0.000705s ]
ERR: SQLSTATE[HY000] [1049] Unknown database 'mlmcms_direct_soft'

[ 2018-11-30T16:38:17+08:00 ] 127.0.0.1 /Home/Index/home
INFO: [ app_init ] --START--
INFO: Run Behavior\BuildLiteBehavior [ RunTime:0.000014s ]
INFO: [ app_init ] --END-- [ RunTime:0.000452s ]
INFO: [ app_begin ] --START--
INFO: Run Behavior\ReadHtmlCacheBehavior [ RunTime:0.000672s ]
INFO: [ app_begin ] --END-- [ RunTime:0.000734s ]
ERR: SQLSTATE[HY000] [1049] Unknown database 'mlmcms_direct_soft'

[ 2018-11-30T16:38:18+08:00 ] 127.0.0.1 /Home/Index/every.js.map
INFO: [ app_init ] --START--
INFO: Run Behavior\BuildLiteBehavior [ RunTime:0.000019s ]
INFO: [ app_init ] --END-- [ RunTime:0.000486s ]
INFO: [ app_begin ] --START--
INFO: Run Behavior\ReadHtmlCacheBehavior [ RunTime:0.001146s ]
INFO: [ app_begin ] --END-- [ RunTime:0.001253s ]
ERR: SQLSTATE[HY000] [1049] Unknown database 'mlmcms_direct_soft'

[ 2018-11-30T16:38:21+08:00 ] 127.0.0.1 /
INFO: [ app_init ] --START--
INFO: Run Behavior\BuildLiteBehavior [ RunTime:0.000012s ]
INFO: [ app_init ] --END-- [ RunTime:0.000327s ]
INFO: [ app_begin ] --START--
INFO: Run Behavior\ReadHtmlCacheBehavior [ RunTime:0.000637s ]
INFO: [ app_begin ] --END-- [ RunTime:0.000689s ]
ERR: SQLSTATE[HY000] [1049] Unknown database 'mlmcms_direct_soft'

[ 2018-11-30T16:38:21+08:00 ] 127.0.0.1 /every.js.map
INFO: [ app_init ] --START--
INFO: Run Behavior\BuildLiteBehavior [ RunTime:0.000016s ]
INFO: [ app_init ] --END-- [ RunTime:0.000478s ]
INFO: [ app_begin ] --START--
INFO: Run Behavior\ReadHtmlCacheBehavior [ RunTime:0.000574s ]
INFO: [ app_begin ] --END-- [ RunTime:0.000625s ]
ERR: 无法加载控制器:Every.js

[ 2018-11-30T16:39:24+08:00 ] 127.0.0.1 /
INFO: [ app_init ] --START--
INFO: Run Behavior\BuildLiteBehavior [ RunTime:0.000013s ]
INFO: [ app_init ] --END-- [ RunTime:0.000517s ]
INFO: [ app_begin ] --START--
INFO: Run Behavior\ReadHtmlCacheBehavior [ RunTime:0.000514s ]
INFO: [ app_begin ] --END-- [ RunTime:0.000578s ]
ERR: SQLSTATE[HY000] [1049] Unknown database 'mlmcms_direct_soft'

[ 2018-11-30T16:39:24+08:00 ] 127.0.0.1 /every.js.map
INFO: [ app_init ] --START--
INFO: Run Behavior\BuildLiteBehavior [ RunTime:0.000026s ]
INFO: [ app_init ] --END-- [ RunTime:0.000530s ]
INFO: [ app_begin ] --START--
INFO: Run Behavior\ReadHtmlCacheBehavior [ RunTime:0.000731s ]
INFO: [ app_begin ] --END-- [ RunTime:0.000797s ]
ERR: 无法加载控制器:Every.js

[ 2018-11-30T16:40:57+08:00 ] 127.0.0.1 /
INFO: [ app_init ] --START--
INFO: Run Behavior\BuildLiteBehavior [ RunTime:0.000015s ]
INFO: [ app_init ] --END-- [ RunTime:0.000661s ]
INFO: [ app_begin ] --START--
INFO: Run Behavior\ReadHtmlCacheBehavior [ RunTime:0.000988s ]
INFO: [ app_begin ] --END-- [ RunTime:0.001035s ]
ERR: SQLSTATE[HY000] [1049] Unknown database 'mlmcms_direct_soft'

[ 2018-11-30T16:40:58+08:00 ] 127.0.0.1 /every.js.map
INFO: [ app_init ] --START--
INFO: Run Behavior\BuildLiteBehavior [ RunTime:0.000016s ]
INFO: [ app_init ] --END-- [ RunTime:0.000478s ]
INFO: [ app_begin ] --START--
INFO: Run Behavior\ReadHtmlCacheBehavior [ RunTime:0.000603s ]
INFO: [ app_begin ] --END-- [ RunTime:0.000657s ]
ERR: 无法加载控制器:Every.js

[ 2018-11-30T16:41:14+08:00 ] 127.0.0.1 /
INFO: [ app_init ] --START--
INFO: Run Behavior\BuildLiteBehavior [ RunTime:0.000019s ]
INFO: [ app_init ] --END-- [ RunTime:0.000555s ]
INFO: [ app_begin ] --START--
INFO: Run Behavior\ReadHtmlCacheBehavior [ RunTime:0.000521s ]
INFO: [ app_begin ] --END-- [ RunTime:0.000573s ]

[ 2018-11-30T16:41:14+08:00 ] 127.0.0.1 /
INFO: [ app_init ] --START--
INFO: Run Behavior\BuildLiteBehavior [ RunTime:0.000013s ]
INFO: [ app_init ] --END-- [ RunTime:0.000400s ]
INFO: [ app_begin ] --START--
INFO: Run Behavior\ReadHtmlCacheBehavior [ RunTime:0.000889s ]
INFO: [ app_begin ] --END-- [ RunTime:0.000939s ]

[ 2018-11-30T16:41:15+08:00 ] 127.0.0.1 /every.js.map
INFO: [ app_init ] --START--
INFO: Run Behavior\BuildLiteBehavior [ RunTime:0.000015s ]
INFO: [ app_init ] --END-- [ RunTime:0.000552s ]
INFO: [ app_begin ] --START--
INFO: Run Behavior\ReadHtmlCacheBehavior [ RunTime:0.000708s ]
INFO: [ app_begin ] --END-- [ RunTime:0.000798s ]
ERR: 无法加载控制器:Every.js

[ 2018-11-30T16:41:23+08:00 ] 127.0.0.1 /
INFO: [ app_init ] --START--
INFO: Run Behavior\BuildLiteBehavior [ RunTime:0.000019s ]
INFO: [ app_init ] --END-- [ RunTime:0.000624s ]
INFO: [ app_begin ] --START--
INFO: Run Behavior\ReadHtmlCacheBehavior [ RunTime:0.000639s ]
INFO: [ app_begin ] --END-- [ RunTime:0.000710s ]
ERR: SQLSTATE[HY000] [1049] Unknown database 'mlmcms_direct_soft'

[ 2018-11-30T16:41:23+08:00 ] 127.0.0.1 /every.js.map
INFO: [ app_init ] --START--
INFO: Run Behavior\BuildLiteBehavior [ RunTime:0.000014s ]
INFO: [ app_init ] --END-- [ RunTime:0.000540s ]
INFO: [ app_begin ] --START--
INFO: Run Behavior\ReadHtmlCacheBehavior [ RunTime:0.000733s ]
INFO: [ app_begin ] --END-- [ RunTime:0.000798s ]
ERR: 无法加载控制器:Every.js

[ 2018-11-30T16:42:59+08:00 ] 127.0.0.1 /
INFO: [ app_init ] --START--
INFO: Run Behavior\BuildLiteBehavior [ RunTime:0.000013s ]
INFO: [ app_init ] --END-- [ RunTime:0.000631s ]
INFO: [ app_begin ] --START--
INFO: Run Behavior\ReadHtmlCacheBehavior [ RunTime:0.000564s ]
INFO: [ app_begin ] --END-- [ RunTime:0.000610s ]

[ 2018-11-30T16:42:59+08:00 ] 127.0.0.1 /
INFO: [ app_init ] --START--
INFO: Run Behavior\BuildLiteBehavior [ RunTime:0.000012s ]
INFO: [ app_init ] --END-- [ RunTime:0.000308s ]
INFO: [ app_begin ] --START--
INFO: Run Behavior\ReadHtmlCacheBehavior [ RunTime:0.000411s ]
INFO: [ app_begin ] --END-- [ RunTime:0.000445s ]

[ 2018-11-30T16:42:59+08:00 ] 127.0.0.1 /every.js.map
INFO: [ app_init ] --START--
INFO: Run Behavior\BuildLiteBehavior [ RunTime:0.000016s ]
INFO: [ app_init ] --END-- [ RunTime:0.000431s ]
INFO: [ app_begin ] --START--
INFO: Run Behavior\ReadHtmlCacheBehavior [ RunTime:0.000684s ]
INFO: [ app_begin ] --END-- [ RunTime:0.000754s ]
ERR: 无法加载控制器:Every.js

[ 2018-11-30T16:43:07+08:00 ] 127.0.0.1 /
INFO: [ app_init ] --START--
INFO: Run Behavior\BuildLiteBehavior [ RunTime:0.000017s ]
INFO: [ app_init ] --END-- [ RunTime:0.000440s ]
INFO: [ app_begin ] --START--
INFO: Run Behavior\ReadHtmlCacheBehavior [ RunTime:0.000837s ]
INFO: [ app_begin ] --END-- [ RunTime:0.000958s ]
ERR: SQLSTATE[HY000] [1049] Unknown database 'mlmcms_direct_soft'

[ 2018-11-30T16:43:07+08:00 ] 127.0.0.1 /every.js.map
INFO: [ app_init ] --START--
INFO: Run Behavior\BuildLiteBehavior [ RunTime:0.000031s ]
INFO: [ app_init ] --END-- [ RunTime:0.000547s ]
INFO: [ app_begin ] --START--
INFO: Run Behavior\ReadHtmlCacheBehavior [ RunTime:0.000626s ]
INFO: [ app_begin ] --END-- [ RunTime:0.000699s ]
ERR: 无法加载控制器:Every.js

[ 2018-11-30T16:45:09+08:00 ] 127.0.0.1 /
INFO: [ app_init ] --START--
INFO: Run Behavior\BuildLiteBehavior [ RunTime:0.000017s ]
INFO: [ app_init ] --END-- [ RunTime:0.000806s ]
INFO: [ app_begin ] --START--
INFO: Run Behavior\ReadHtmlCacheBehavior [ RunTime:0.001023s ]
INFO: [ app_begin ] --END-- [ RunTime:0.001118s ]
ERR: SQLSTATE[HY000] [1049] Unknown database 'mlmcms_direct_soft'

[ 2018-11-30T16:45:10+08:00 ] 127.0.0.1 /every.js.map
INFO: [ app_init ] --START--
INFO: Run Behavior\BuildLiteBehavior [ RunTime:0.000018s ]
INFO: [ app_init ] --END-- [ RunTime:0.000630s ]
INFO: [ app_begin ] --START--
INFO: Run Behavior\ReadHtmlCacheBehavior [ RunTime:0.000774s ]
INFO: [ app_begin ] --END-- [ RunTime:0.000830s ]
ERR: 无法加载控制器:Every.js

[ 2018-11-30T16:45:44+08:00 ] 127.0.0.1 /
INFO: [ app_init ] --START--
INFO: Run Behavior\BuildLiteBehavior [ RunTime:0.000017s ]
INFO: [ app_init ] --END-- [ RunTime:0.000676s ]
INFO: [ app_begin ] --START--
INFO: Run Behavior\ReadHtmlCacheBehavior [ RunTime:0.000794s ]
INFO: [ app_begin ] --END-- [ RunTime:0.000876s ]
SQL: SHOW COLUMNS FROM `mlmcms_config` [ RunTime:0.0020s ]
SQL: SELECT `code`,`value` FROM `mlmcms_config`  [ RunTime:0.0006s ]

[ 2018-11-30T16:45:44+08:00 ] 127.0.0.1 /
INFO: [ app_init ] --START--
INFO: Run Behavior\BuildLiteBehavior [ RunTime:0.000011s ]
INFO: [ app_init ] --END-- [ RunTime:0.000351s ]
INFO: [ app_begin ] --START--
INFO: Run Behavior\ReadHtmlCacheBehavior [ RunTime:0.000819s ]
INFO: [ app_begin ] --END-- [ RunTime:0.000892s ]
SQL: SHOW COLUMNS FROM `mlmcms_config` [ RunTime:0.0007s ]
SQL: SELECT `code`,`value` FROM `mlmcms_config`  [ RunTime:0.0005s ]

[ 2018-11-30T16:45:44+08:00 ] 127.0.0.1 /every.js.map
INFO: [ app_init ] --START--
INFO: Run Behavior\BuildLiteBehavior [ RunTime:0.000032s ]
INFO: [ app_init ] --END-- [ RunTime:0.000605s ]
INFO: [ app_begin ] --START--
INFO: Run Behavior\ReadHtmlCacheBehavior [ RunTime:0.000979s ]
INFO: [ app_begin ] --END-- [ RunTime:0.001040s ]
ERR: 无法加载控制器:Every.js

[ 2018-11-30T16:46:01+08:00 ] 127.0.0.1 /
INFO: [ app_init ] --START--
INFO: Run Behavior\BuildLiteBehavior [ RunTime:0.000013s ]
INFO: [ app_init ] --END-- [ RunTime:0.000351s ]
INFO: [ app_begin ] --START--
INFO: Run Behavior\ReadHtmlCacheBehavior [ RunTime:0.000540s ]
INFO: [ app_begin ] --END-- [ RunTime:0.000591s ]
SQL: SHOW COLUMNS FROM `mlmcms_config` [ RunTime:0.0008s ]
SQL: SELECT `code`,`value` FROM `mlmcms_config`  [ RunTime:0.0005s ]
SQL: SHOW COLUMNS FROM `mlmcms_user` [ RunTime:0.0006s ]

[ 2018-11-30T16:46:01+08:00 ] 127.0.0.1 /index.php/Login/index
INFO: [ app_init ] --START--
INFO: Run Behavior\BuildLiteBehavior [ RunTime:0.000012s ]
INFO: [ app_init ] --END-- [ RunTime:0.000327s ]
INFO: [ app_begin ] --START--
INFO: Run Behavior\ReadHtmlCacheBehavior [ RunTime:0.000445s ]
INFO: [ app_begin ] --END-- [ RunTime:0.000487s ]
ERR: 无法加载控制器:Index.php

[ 2018-11-30T16:46:01+08:00 ] 127.0.0.1 /index.php/Login/every.js.map
INFO: [ app_init ] --START--
INFO: Run Behavior\BuildLiteBehavior [ RunTime:0.000018s ]
INFO: [ app_init ] --END-- [ RunTime:0.000444s ]
INFO: [ app_begin ] --START--
INFO: Run Behavior\ReadHtmlCacheBehavior [ RunTime:0.000690s ]
INFO: [ app_begin ] --END-- [ RunTime:0.000775s ]
ERR: 无法加载控制器:Index.php

[ 2018-11-30T16:46:44+08:00 ] 127.0.0.1 /index.php/Login/index
INFO: [ app_init ] --START--
INFO: Run Behavior\BuildLiteBehavior [ RunTime:0.000034s ]
INFO: [ app_init ] --END-- [ RunTime:0.000580s ]
INFO: [ app_begin ] --START--
INFO: Run Behavior\ReadHtmlCacheBehavior [ RunTime:0.000805s ]
INFO: [ app_begin ] --END-- [ RunTime:0.000850s ]
ERR: 无法加载控制器:Index.php

[ 2018-11-30T16:46:45+08:00 ] 127.0.0.1 /index.php/Login/every.js.map
INFO: [ app_init ] --START--
INFO: Run Behavior\BuildLiteBehavior [ RunTime:0.000020s ]
INFO: [ app_init ] --END-- [ RunTime:0.000534s ]
INFO: [ app_begin ] --START--
INFO: Run Behavior\ReadHtmlCacheBehavior [ RunTime:0.000679s ]
INFO: [ app_begin ] --END-- [ RunTime:0.000737s ]
ERR: 无法加载控制器:Index.php

[ 2018-11-30T16:47:24+08:00 ] 127.0.0.1 /index.php/Login/index
INFO: [ app_init ] --START--
INFO: Run Behavior\BuildLiteBehavior [ RunTime:0.000012s ]
INFO: [ app_init ] --END-- [ RunTime:0.000339s ]
INFO: [ app_begin ] --START--
INFO: Run Behavior\ReadHtmlCacheBehavior [ RunTime:0.000511s ]
INFO: [ app_begin ] --END-- [ RunTime:0.000566s ]
ERR: 无法加载控制器:Index.php

[ 2018-11-30T16:47:25+08:00 ] 127.0.0.1 /index.php/Login/every.js.map
INFO: [ app_init ] --START--
INFO: Run Behavior\BuildLiteBehavior [ RunTime:0.000012s ]
INFO: [ app_init ] --END-- [ RunTime:0.000394s ]
INFO: [ app_begin ] --START--
INFO: Run Behavior\ReadHtmlCacheBehavior [ RunTime:0.000582s ]
INFO: [ app_begin ] --END-- [ RunTime:0.000642s ]
ERR: 无法加载控制器:Index.php

[ 2018-11-30T16:47:40+08:00 ] 127.0.0.1 /index.php/Login/index
INFO: [ app_init ] --START--
INFO: Run Behavior\BuildLiteBehavior [ RunTime:0.000035s ]
INFO: [ app_init ] --END-- [ RunTime:0.000418s ]
INFO: [ app_begin ] --START--
INFO: Run Behavior\ReadHtmlCacheBehavior [ RunTime:0.000569s ]
INFO: [ app_begin ] --END-- [ RunTime:0.000618s ]
ERR: 无法加载控制器:Index.php

[ 2018-11-30T16:47:40+08:00 ] 127.0.0.1 /index.php/Login/every.js.map
INFO: [ app_init ] --START--
INFO: Run Behavior\BuildLiteBehavior [ RunTime:0.000025s ]
INFO: [ app_init ] --END-- [ RunTime:0.000504s ]
INFO: [ app_begin ] --START--
INFO: Run Behavior\ReadHtmlCacheBehavior [ RunTime:0.000732s ]
INFO: [ app_begin ] --END-- [ RunTime:0.000786s ]
ERR: 无法加载控制器:Index.php

[ 2018-11-30T16:48:13+08:00 ] 127.0.0.1 /Home/Index/home
INFO: [ app_init ] --START--
INFO: Run Behavior\BuildLiteBehavior [ RunTime:0.000012s ]
INFO: [ app_init ] --END-- [ RunTime:0.000319s ]
INFO: [ app_begin ] --START--
INFO: Run Behavior\ReadHtmlCacheBehavior [ RunTime:0.000599s ]
INFO: [ app_begin ] --END-- [ RunTime:0.000652s ]
SQL: SHOW COLUMNS FROM `mlmcms_config` [ RunTime:0.0007s ]
SQL: SELECT `code`,`value` FROM `mlmcms_config`  [ RunTime:0.0004s ]
SQL: SHOW COLUMNS FROM `mlmcms_user` [ RunTime:0.0006s ]

[ 2018-11-30T16:48:14+08:00 ] 127.0.0.1 /index.php/Login/index
INFO: [ app_init ] --START--
INFO: Run Behavior\BuildLiteBehavior [ RunTime:0.000011s ]
INFO: [ app_init ] --END-- [ RunTime:0.000320s ]
INFO: [ app_begin ] --START--
INFO: Run Behavior\ReadHtmlCacheBehavior [ RunTime:0.000444s ]
INFO: [ app_begin ] --END-- [ RunTime:0.000486s ]
ERR: 无法加载控制器:Index.php

[ 2018-11-30T16:48:14+08:00 ] 127.0.0.1 /index.php/Login/every.js.map
INFO: [ app_init ] --START--
INFO: Run Behavior\BuildLiteBehavior [ RunTime:0.000015s ]
INFO: [ app_init ] --END-- [ RunTime:0.000419s ]
INFO: [ app_begin ] --START--
INFO: Run Behavior\ReadHtmlCacheBehavior [ RunTime:0.000721s ]
INFO: [ app_begin ] --END-- [ RunTime:0.000767s ]
ERR: 无法加载控制器:Index.php

[ 2018-11-30T16:48:14+08:00 ] 127.0.0.1 /
INFO: [ app_init ] --START--
INFO: Run Behavior\BuildLiteBehavior [ RunTime:0.000011s ]
INFO: [ app_init ] --END-- [ RunTime:0.000331s ]
INFO: [ app_begin ] --START--
INFO: Run Behavior\ReadHtmlCacheBehavior [ RunTime:0.000488s ]
INFO: [ app_begin ] --END-- [ RunTime:0.000528s ]
SQL: SHOW COLUMNS FROM `mlmcms_config` [ RunTime:0.0005s ]
SQL: SELECT `code`,`value` FROM `mlmcms_config`  [ RunTime:0.0004s ]
SQL: SHOW COLUMNS FROM `mlmcms_user` [ RunTime:0.0005s ]

[ 2018-11-30T16:48:14+08:00 ] 127.0.0.1 /index.php/Login/index
INFO: [ app_init ] --START--
INFO: Run Behavior\BuildLiteBehavior [ RunTime:0.000015s ]
INFO: [ app_init ] --END-- [ RunTime:0.000344s ]
INFO: [ app_begin ] --START--
INFO: Run Behavior\ReadHtmlCacheBehavior [ RunTime:0.000419s ]
INFO: [ app_begin ] --END-- [ RunTime:0.000507s ]
ERR: 无法加载控制器:Index.php

[ 2018-11-30T16:48:15+08:00 ] 127.0.0.1 /index.php/Login/every.js.map
INFO: [ app_init ] --START--
INFO: Run Behavior\BuildLiteBehavior [ RunTime:0.000019s ]
INFO: [ app_init ] --END-- [ RunTime:0.000516s ]
INFO: [ app_begin ] --START--
INFO: Run Behavior\ReadHtmlCacheBehavior [ RunTime:0.000679s ]
INFO: [ app_begin ] --END-- [ RunTime:0.000730s ]
ERR: 无法加载控制器:Index.php

[ 2018-11-30T16:48:17+08:00 ] 127.0.0.1 /
INFO: [ app_init ] --START--
INFO: Run Behavior\BuildLiteBehavior [ RunTime:0.000046s ]
INFO: [ app_init ] --END-- [ RunTime:0.000629s ]
INFO: [ app_begin ] --START--
INFO: Run Behavior\ReadHtmlCacheBehavior [ RunTime:0.000902s ]
INFO: [ app_begin ] --END-- [ RunTime:0.000978s ]
SQL: SHOW COLUMNS FROM `mlmcms_config` [ RunTime:0.0006s ]
SQL: SELECT `code`,`value` FROM `mlmcms_config`  [ RunTime:0.0004s ]
SQL: SHOW COLUMNS FROM `mlmcms_user` [ RunTime:0.0005s ]

[ 2018-11-30T16:48:17+08:00 ] 127.0.0.1 /index.php/Login/index
INFO: [ app_init ] --START--
INFO: Run Behavior\BuildLiteBehavior [ RunTime:0.000012s ]
INFO: [ app_init ] --END-- [ RunTime:0.000333s ]
INFO: [ app_begin ] --START--
INFO: Run Behavior\ReadHtmlCacheBehavior [ RunTime:0.000475s ]
INFO: [ app_begin ] --END-- [ RunTime:0.000526s ]
ERR: 无法加载控制器:Index.php

[ 2018-11-30T16:48:18+08:00 ] 127.0.0.1 /index.php/Login/every.js.map
INFO: [ app_init ] --START--
INFO: Run Behavior\BuildLiteBehavior [ RunTime:0.000029s ]
INFO: [ app_init ] --END-- [ RunTime:0.000568s ]
INFO: [ app_begin ] --START--
INFO: Run Behavior\ReadHtmlCacheBehavior [ RunTime:0.000578s ]
INFO: [ app_begin ] --END-- [ RunTime:0.000632s ]
ERR: 无法加载控制器:Index.php

[ 2018-11-30T16:49:22+08:00 ] 127.0.0.1 /index.php/Login/index
INFO: [ app_init ] --START--
INFO: Run Behavior\BuildLiteBehavior [ RunTime:0.000015s ]
INFO: [ app_init ] --END-- [ RunTime:0.000396s ]
INFO: [ app_begin ] --START--
INFO: Run Behavior\ReadHtmlCacheBehavior [ RunTime:0.000819s ]
INFO: [ app_begin ] --END-- [ RunTime:0.000874s ]
ERR: 无法加载控制器:Index.php

[ 2018-11-30T16:49:22+08:00 ] 127.0.0.1 /index.php/Login/every.js.map
INFO: [ app_init ] --START--
INFO: Run Behavior\BuildLiteBehavior [ RunTime:0.000019s ]
INFO: [ app_init ] --END-- [ RunTime:0.000516s ]
INFO: [ app_begin ] --START--
INFO: Run Behavior\ReadHtmlCacheBehavior [ RunTime:0.000550s ]
INFO: [ app_begin ] --END-- [ RunTime:0.000597s ]
ERR: 无法加载控制器:Index.php

[ 2018-11-30T16:51:25+08:00 ] 127.0.0.1 /index.php/Login/index
INFO: [ app_init ] --START--
INFO: Run Behavior\BuildLiteBehavior [ RunTime:0.000017s ]
INFO: [ app_init ] --END-- [ RunTime:0.000868s ]
INFO: [ app_begin ] --START--
INFO: Run Behavior\ReadHtmlCacheBehavior [ RunTime:0.001058s ]
INFO: [ app_begin ] --END-- [ RunTime:0.001138s ]
ERR: 无法加载控制器:Index.php

[ 2018-11-30T16:51:26+08:00 ] 127.0.0.1 /index.php/Login/every.js.map
INFO: [ app_init ] --START--
INFO: Run Behavior\BuildLiteBehavior [ RunTime:0.000015s ]
INFO: [ app_init ] --END-- [ RunTime:0.000405s ]
INFO: [ app_begin ] --START--
INFO: Run Behavior\ReadHtmlCacheBehavior [ RunTime:0.000631s ]
INFO: [ app_begin ] --END-- [ RunTime:0.000681s ]
ERR: 无法加载控制器:Index.php

[ 2018-11-30T16:52:34+08:00 ] 127.0.0.1 /index.php/Login/index
INFO: [ app_init ] --START--
INFO: Run Behavior\BuildLiteBehavior [ RunTime:0.000017s ]
INFO: [ app_init ] --END-- [ RunTime:0.000828s ]
INFO: [ app_begin ] --START--
INFO: Run Behavior\ReadHtmlCacheBehavior [ RunTime:0.001050s ]
INFO: [ app_begin ] --END-- [ RunTime:0.001103s ]
ERR: 无法加载控制器:Index.php

[ 2018-11-30T16:52:34+08:00 ] 127.0.0.1 /index.php/Login/every.js.map
INFO: [ app_init ] --START--
INFO: Run Behavior\BuildLiteBehavior [ RunTime:0.000018s ]
INFO: [ app_init ] --END-- [ RunTime:0.000544s ]
INFO: [ app_begin ] --START--
INFO: Run Behavior\ReadHtmlCacheBehavior [ RunTime:0.000778s ]
INFO: [ app_begin ] --END-- [ RunTime:0.000883s ]
ERR: 无法加载控制器:Index.php

[ 2018-11-30T16:52:36+08:00 ] 127.0.0.1 /index.php/Login/index
INFO: [ app_init ] --START--
INFO: Run Behavior\BuildLiteBehavior [ RunTime:0.000013s ]
INFO: [ app_init ] --END-- [ RunTime:0.000344s ]
INFO: [ app_begin ] --START--
INFO: Run Behavior\ReadHtmlCacheBehavior [ RunTime:0.000534s ]
INFO: [ app_begin ] --END-- [ RunTime:0.000589s ]
ERR: 无法加载控制器:Index.php

[ 2018-11-30T16:52:36+08:00 ] 127.0.0.1 /index.php/Login/every.js.map
INFO: [ app_init ] --START--
INFO: Run Behavior\BuildLiteBehavior [ RunTime:0.000014s ]
INFO: [ app_init ] --END-- [ RunTime:0.000400s ]
INFO: [ app_begin ] --START--
INFO: Run Behavior\ReadHtmlCacheBehavior [ RunTime:0.000603s ]
INFO: [ app_begin ] --END-- [ RunTime:0.000667s ]
ERR: 无法加载控制器:Index.php

[ 2018-11-30T16:54:28+08:00 ] 127.0.0.1 /index.php/Login/index
INFO: [ app_init ] --START--
INFO: Run Behavior\BuildLiteBehavior [ RunTime:0.000013s ]
INFO: [ app_init ] --END-- [ RunTime:0.000701s ]
INFO: [ app_begin ] --START--
INFO: Run Behavior\ReadHtmlCacheBehavior [ RunTime:0.000888s ]
INFO: [ app_begin ] --END-- [ RunTime:0.000939s ]
ERR: 无法加载控制器:Index.php

[ 2018-11-30T16:54:29+08:00 ] 127.0.0.1 /index.php/Login/every.js.map
INFO: [ app_init ] --START--
INFO: Run Behavior\BuildLiteBehavior [ RunTime:0.000016s ]
INFO: [ app_init ] --END-- [ RunTime:0.000563s ]
INFO: [ app_begin ] --START--
INFO: Run Behavior\ReadHtmlCacheBehavior [ RunTime:0.000586s ]
INFO: [ app_begin ] --END-- [ RunTime:0.000640s ]
ERR: 无法加载控制器:Index.php

[ 2018-11-30T16:54:40+08:00 ] 127.0.0.1 //Login/index
INFO: [ app_init ] --START--
INFO: Run Behavior\BuildLiteBehavior [ RunTime:0.000013s ]
INFO: [ app_init ] --END-- [ RunTime:0.000403s ]
INFO: [ app_begin ] --START--
INFO: Run Behavior\ReadHtmlCacheBehavior [ RunTime:0.000587s ]
INFO: [ app_begin ] --END-- [ RunTime:0.000686s ]

[ 2018-11-30T16:54:40+08:00 ] 127.0.0.1 //Login/index
INFO: [ app_init ] --START--
INFO: Run Behavior\BuildLiteBehavior [ RunTime:0.000013s ]
INFO: [ app_init ] --END-- [ RunTime:0.000371s ]
INFO: [ app_begin ] --START--
INFO: Run Behavior\ReadHtmlCacheBehavior [ RunTime:0.000447s ]
INFO: [ app_begin ] --END-- [ RunTime:0.000481s ]

[ 2018-11-30T16:54:40+08:00 ] 127.0.0.1 /Login/every.js.map
INFO: [ app_init ] --START--
INFO: Run Behavior\BuildLiteBehavior [ RunTime:0.000019s ]
INFO: [ app_init ] --END-- [ RunTime:0.000595s ]
INFO: [ app_begin ] --START--
INFO: Run Behavior\ReadHtmlCacheBehavior [ RunTime:0.000631s ]
INFO: [ app_begin ] --END-- [ RunTime:0.000691s ]

[ 2018-11-30T16:55:09+08:00 ] 127.0.0.1 //Login/index
INFO: [ app_init ] --START--
INFO: Run Behavior\BuildLiteBehavior [ RunTime:0.000015s ]
INFO: [ app_init ] --END-- [ RunTime:0.004832s ]
INFO: [ app_begin ] --START--
INFO: Run Behavior\ReadHtmlCacheBehavior [ RunTime:0.000819s ]
INFO: [ app_begin ] --END-- [ RunTime:0.000868s ]

[ 2018-11-30T16:55:09+08:00 ] 127.0.0.1 //Login/index
INFO: [ app_init ] --START--
INFO: Run Behavior\BuildLiteBehavior [ RunTime:0.000012s ]
INFO: [ app_init ] --END-- [ RunTime:0.000318s ]
INFO: [ app_begin ] --START--
INFO: Run Behavior\ReadHtmlCacheBehavior [ RunTime:0.000560s ]
INFO: [ app_begin ] --END-- [ RunTime:0.000606s ]

[ 2018-11-30T16:55:10+08:00 ] 127.0.0.1 /Login/every.js.map
INFO: [ app_init ] --START--
INFO: Run Behavior\BuildLiteBehavior [ RunTime:0.000018s ]
INFO: [ app_init ] --END-- [ RunTime:0.000575s ]
INFO: [ app_begin ] --START--
INFO: Run Behavior\ReadHtmlCacheBehavior [ RunTime:0.000656s ]
INFO: [ app_begin ] --END-- [ RunTime:0.000707s ]

[ 2018-11-30T16:55:13+08:00 ] 127.0.0.1 //Login/index
INFO: [ app_init ] --START--
INFO: Run Behavior\BuildLiteBehavior [ RunTime:0.000014s ]
INFO: [ app_init ] --END-- [ RunTime:0.000450s ]
INFO: [ app_begin ] --START--
INFO: Run Behavior\ReadHtmlCacheBehavior [ RunTime:0.000563s ]
INFO: [ app_begin ] --END-- [ RunTime:0.000659s ]

[ 2018-11-30T16:55:14+08:00 ] 127.0.0.1 //Login/index
INFO: [ app_init ] --START--
INFO: Run Behavior\BuildLiteBehavior [ RunTime:0.000012s ]
INFO: [ app_init ] --END-- [ RunTime:0.000314s ]
INFO: [ app_begin ] --START--
INFO: Run Behavior\ReadHtmlCacheBehavior [ RunTime:0.000407s ]
INFO: [ app_begin ] --END-- [ RunTime:0.000441s ]

[ 2018-11-30T16:55:14+08:00 ] 127.0.0.1 /Login/every.js.map
INFO: [ app_init ] --START--
INFO: Run Behavior\BuildLiteBehavior [ RunTime:0.000015s ]
INFO: [ app_init ] --END-- [ RunTime:0.000379s ]
INFO: [ app_begin ] --START--
INFO: Run Behavior\ReadHtmlCacheBehavior [ RunTime:0.000632s ]
INFO: [ app_begin ] --END-- [ RunTime:0.000711s ]

[ 2018-11-30T16:55:25+08:00 ] 127.0.0.1 //Login/index
INFO: [ app_init ] --START--
INFO: Run Behavior\BuildLiteBehavior [ RunTime:0.000010s ]
INFO: [ app_init ] --END-- [ RunTime:0.000338s ]
INFO: [ app_begin ] --START--
INFO: Run Behavior\ReadHtmlCacheBehavior [ RunTime:0.000531s ]
INFO: [ app_begin ] --END-- [ RunTime:0.000618s ]

[ 2018-11-30T16:55:26+08:00 ] 127.0.0.1 //Login/index
INFO: [ app_init ] --START--
INFO: Run Behavior\BuildLiteBehavior [ RunTime:0.000026s ]
INFO: [ app_init ] --END-- [ RunTime:0.000361s ]
INFO: [ app_begin ] --START--
INFO: Run Behavior\ReadHtmlCacheBehavior [ RunTime:0.000475s ]
INFO: [ app_begin ] --END-- [ RunTime:0.000515s ]

[ 2018-11-30T16:55:26+08:00 ] 127.0.0.1 /Login/every.js.map
INFO: [ app_init ] --START--
INFO: Run Behavior\BuildLiteBehavior [ RunTime:0.000024s ]
INFO: [ app_init ] --END-- [ RunTime:0.000543s ]
INFO: [ app_begin ] --START--
INFO: Run Behavior\ReadHtmlCacheBehavior [ RunTime:0.000590s ]
INFO: [ app_begin ] --END-- [ RunTime:0.000679s ]

[ 2018-11-30T16:55:26+08:00 ] 127.0.0.1 /favicon.ico
INFO: [ app_init ] --START--
INFO: Run Behavior\BuildLiteBehavior [ RunTime:0.000012s ]
INFO: [ app_init ] --END-- [ RunTime:0.000340s ]

[ 2018-11-30T16:55:45+08:00 ] 127.0.0.1 //Login/index
INFO: [ app_init ] --START--
INFO: Run Behavior\BuildLiteBehavior [ RunTime:0.000054s ]
INFO: [ app_init ] --END-- [ RunTime:0.000868s ]
INFO: [ app_begin ] --START--
INFO: Run Behavior\ReadHtmlCacheBehavior [ RunTime:0.000960s ]
INFO: [ app_begin ] --END-- [ RunTime:0.001002s ]
SQL: SHOW COLUMNS FROM `mlmcms_config` [ RunTime:0.0113s ]
SQL: SELECT `code`,`value` FROM `mlmcms_config`  [ RunTime:0.0111s ]

[ 2018-11-30T16:55:45+08:00 ] 127.0.0.1 //Login/index
INFO: [ app_init ] --START--
INFO: Run Behavior\BuildLiteBehavior [ RunTime:0.000013s ]
INFO: [ app_init ] --END-- [ RunTime:0.000358s ]
INFO: [ app_begin ] --START--
INFO: Run Behavior\ReadHtmlCacheBehavior [ RunTime:0.000600s ]
INFO: [ app_begin ] --END-- [ RunTime:0.000673s ]
SQL: SHOW COLUMNS FROM `mlmcms_config` [ RunTime:0.0121s ]
SQL: SELECT `code`,`value` FROM `mlmcms_config`  [ RunTime:0.0122s ]

[ 2018-11-30T16:55:46+08:00 ] 127.0.0.1 /Login/every.js.map
INFO: [ app_init ] --START--
INFO: Run Behavior\BuildLiteBehavior [ RunTime:0.000013s ]
INFO: [ app_init ] --END-- [ RunTime:0.000369s ]
INFO: [ app_begin ] --START--
INFO: Run Behavior\ReadHtmlCacheBehavior [ RunTime:0.000812s ]
INFO: [ app_begin ] --END-- [ RunTime:0.000885s ]
SQL: SHOW COLUMNS FROM `mlmcms_config` [ RunTime:0.0113s ]
SQL: SELECT `code`,`value` FROM `mlmcms_config`  [ RunTime:0.0115s ]

[ 2018-11-30T16:56:17+08:00 ] 127.0.0.1 //Login/index
INFO: [ app_init ] --START--
INFO: Run Behavior\BuildLiteBehavior [ RunTime:0.000014s ]
INFO: [ app_init ] --END-- [ RunTime:0.000377s ]
INFO: [ app_begin ] --START--
INFO: Run Behavior\ReadHtmlCacheBehavior [ RunTime:0.000672s ]
INFO: [ app_begin ] --END-- [ RunTime:0.000737s ]
SQL: SHOW COLUMNS FROM `mlmcms_config` [ RunTime:0.0106s ]
SQL: SELECT `code`,`value` FROM `mlmcms_config`  [ RunTime:0.0111s ]
SQL: SHOW COLUMNS FROM `mlmcms_user` [ RunTime:0.0109s ]
INFO: [ view_parse ] --START--
INFO: [ template_filter ] --START--
INFO: Run Behavior\ContentReplaceBehavior [ RunTime:0.000208s ]
INFO: [ template_filter ] --END-- [ RunTime:0.000243s ]
NOTIC: [8] Undefined variable: lang_type /Users/mmws/projects/oj/Runtime/Cache/Home/0549063673c1c6658288dccee350b898.php 第 64 行.
NOTIC: [8] Undefined variable: lang_type /Users/mmws/projects/oj/Runtime/Cache/Home/0549063673c1c6658288dccee350b898.php 第 65 行.
NOTIC: [8] Undefined variable: lang_type /Users/mmws/projects/oj/Runtime/Cache/Home/0549063673c1c6658288dccee350b898.php 第 66 行.
INFO: Run Behavior\ParseTemplateBehavior [ RunTime:0.011156s ]
INFO: [ view_parse ] --END-- [ RunTime:0.011189s ]
INFO: [ view_filter ] --START--
INFO: Run Behavior\WriteHtmlCacheBehavior [ RunTime:0.000566s ]
INFO: [ view_filter ] --END-- [ RunTime:0.000593s ]
INFO: [ app_end ] --START--
INFO: Run Behavior\ShowPageTraceBehavior [ RunTime:0.000832s ]
INFO: [ app_end ] --END-- [ RunTime:0.000861s ]

[ 2018-11-30T16:56:18+08:00 ] 127.0.0.1 /Login/every.js.map
INFO: [ app_init ] --START--
INFO: Run Behavior\BuildLiteBehavior [ RunTime:0.000020s ]
INFO: [ app_init ] --END-- [ RunTime:0.000627s ]
INFO: [ app_begin ] --START--
INFO: Run Behavior\ReadHtmlCacheBehavior [ RunTime:0.000782s ]
INFO: [ app_begin ] --END-- [ RunTime:0.000838s ]
SQL: SHOW COLUMNS FROM `mlmcms_config` [ RunTime:0.0251s ]
SQL: SELECT `code`,`value` FROM `mlmcms_config`  [ RunTime:0.0118s ]
SQL: SHOW COLUMNS FROM `mlmcms_user` [ RunTime:0.0116s ]
ERR: 非法操作:every.js

[ 2018-11-30T16:56:24+08:00 ] 127.0.0.1 /index.php/Login/login
INFO: [ app_init ] --START--
INFO: Run Behavior\BuildLiteBehavior [ RunTime:0.000020s ]
INFO: [ app_init ] --END-- [ RunTime:0.000532s ]
INFO: [ app_begin ] --START--
INFO: Run Behavior\ReadHtmlCacheBehavior [ RunTime:0.000674s ]
INFO: [ app_begin ] --END-- [ RunTime:0.000722s ]
ERR: 无法加载控制器:Index.php

[ 2018-11-30T16:56:35+08:00 ] 127.0.0.1 //Login/index
INFO: [ app_init ] --START--
INFO: Run Behavior\BuildLiteBehavior [ RunTime:0.000015s ]
INFO: [ app_init ] --END-- [ RunTime:0.000656s ]
INFO: [ app_begin ] --START--
INFO: Run Behavior\ReadHtmlCacheBehavior [ RunTime:0.000591s ]
INFO: [ app_begin ] --END-- [ RunTime:0.000669s ]
SQL: SHOW COLUMNS FROM `mlmcms_config` [ RunTime:0.0120s ]
SQL: SELECT `code`,`value` FROM `mlmcms_config`  [ RunTime:0.0194s ]
SQL: SHOW COLUMNS FROM `mlmcms_user` [ RunTime:0.0232s ]
INFO: [ view_parse ] --START--
INFO: [ template_filter ] --START--
INFO: Run Behavior\ContentReplaceBehavior [ RunTime:0.000202s ]
INFO: [ template_filter ] --END-- [ RunTime:0.000239s ]
NOTIC: [8] Undefined variable: lang_type /Users/mmws/projects/oj/Runtime/Cache/Home/0549063673c1c6658288dccee350b898.php 第 64 行.
NOTIC: [8] Undefined variable: lang_type /Users/mmws/projects/oj/Runtime/Cache/Home/0549063673c1c6658288dccee350b898.php 第 65 行.
NOTIC: [8] Undefined variable: lang_type /Users/mmws/projects/oj/Runtime/Cache/Home/0549063673c1c6658288dccee350b898.php 第 66 行.
INFO: Run Behavior\ParseTemplateBehavior [ RunTime:0.009394s ]
INFO: [ view_parse ] --END-- [ RunTime:0.009427s ]
INFO: [ view_filter ] --START--
INFO: Run Behavior\WriteHtmlCacheBehavior [ RunTime:0.000162s ]
INFO: [ view_filter ] --END-- [ RunTime:0.000184s ]
INFO: [ app_end ] --START--
INFO: Run Behavior\ShowPageTraceBehavior [ RunTime:0.000451s ]
INFO: [ app_end ] --END-- [ RunTime:0.000475s ]

[ 2018-11-30T16:56:36+08:00 ] 127.0.0.1 /Login/every.js.map
INFO: [ app_init ] --START--
INFO: Run Behavior\BuildLiteBehavior [ RunTime:0.000015s ]
INFO: [ app_init ] --END-- [ RunTime:0.000464s ]
INFO: [ app_begin ] --START--
INFO: Run Behavior\ReadHtmlCacheBehavior [ RunTime:0.000507s ]
INFO: [ app_begin ] --END-- [ RunTime:0.000551s ]
SQL: SHOW COLUMNS FROM `mlmcms_config` [ RunTime:0.0113s ]
SQL: SELECT `code`,`value` FROM `mlmcms_config`  [ RunTime:0.0113s ]
SQL: SHOW COLUMNS FROM `mlmcms_user` [ RunTime:0.0175s ]
ERR: 非法操作:every.js

[ 2018-11-30T16:56:37+08:00 ] 127.0.0.1 /index.php/Login/login
INFO: [ app_init ] --START--
INFO: Run Behavior\BuildLiteBehavior [ RunTime:0.000019s ]
INFO: [ app_init ] --END-- [ RunTime:0.000413s ]
INFO: [ app_begin ] --START--
INFO: Run Behavior\ReadHtmlCacheBehavior [ RunTime:0.000555s ]
INFO: [ app_begin ] --END-- [ RunTime:0.000653s ]
ERR: 无法加载控制器:Index.php

[ 2018-11-30T16:56:43+08:00 ] 127.0.0.1 //Login/index
INFO: [ app_init ] --START--
INFO: Run Behavior\BuildLiteBehavior [ RunTime:0.000014s ]
INFO: [ app_init ] --END-- [ RunTime:0.000366s ]
INFO: [ app_begin ] --START--
INFO: Run Behavior\ReadHtmlCacheBehavior [ RunTime:0.000770s ]
INFO: [ app_begin ] --END-- [ RunTime:0.000911s ]
SQL: SHOW COLUMNS FROM `mlmcms_config` [ RunTime:0.0114s ]
SQL: SELECT `code`,`value` FROM `mlmcms_config`  [ RunTime:0.0124s ]
SQL: SHOW COLUMNS FROM `mlmcms_user` [ RunTime:0.0111s ]
INFO: [ view_parse ] --START--
INFO: [ template_filter ] --START--
INFO: Run Behavior\ContentReplaceBehavior [ RunTime:0.000206s ]
INFO: [ template_filter ] --END-- [ RunTime:0.000246s ]
NOTIC: [8] Undefined variable: lang_type /Users/mmws/projects/oj/Runtime/Cache/Home/0549063673c1c6658288dccee350b898.php 第 64 行.
NOTIC: [8] Undefined variable: lang_type /Users/mmws/projects/oj/Runtime/Cache/Home/0549063673c1c6658288dccee350b898.php 第 65 行.
NOTIC: [8] Undefined variable: lang_type /Users/mmws/projects/oj/Runtime/Cache/Home/0549063673c1c6658288dccee350b898.php 第 66 行.
INFO: Run Behavior\ParseTemplateBehavior [ RunTime:0.008779s ]
INFO: [ view_parse ] --END-- [ RunTime:0.008808s ]
INFO: [ view_filter ] --START--
INFO: Run Behavior\WriteHtmlCacheBehavior [ RunTime:0.000157s ]
INFO: [ view_filter ] --END-- [ RunTime:0.000179s ]
INFO: [ app_end ] --START--
INFO: Run Behavior\ShowPageTraceBehavior [ RunTime:0.000489s ]
INFO: [ app_end ] --END-- [ RunTime:0.000515s ]

[ 2018-11-30T16:56:44+08:00 ] 127.0.0.1 /Login/every.js.map
INFO: [ app_init ] --START--
INFO: Run Behavior\BuildLiteBehavior [ RunTime:0.000015s ]
INFO: [ app_init ] --END-- [ RunTime:0.000387s ]
INFO: [ app_begin ] --START--
INFO: Run Behavior\ReadHtmlCacheBehavior [ RunTime:0.000639s ]
INFO: [ app_begin ] --END-- [ RunTime:0.000696s ]
SQL: SHOW COLUMNS FROM `mlmcms_config` [ RunTime:0.0122s ]
SQL: SELECT `code`,`value` FROM `mlmcms_config`  [ RunTime:0.0124s ]
SQL: SHOW COLUMNS FROM `mlmcms_user` [ RunTime:0.0116s ]
ERR: 非法操作:every.js

[ 2018-11-30T16:56:46+08:00 ] 127.0.0.1 /index.php/Login/login
INFO: [ app_init ] --START--
INFO: Run Behavior\BuildLiteBehavior [ RunTime:0.000011s ]
INFO: [ app_init ] --END-- [ RunTime:0.000295s ]
INFO: [ app_begin ] --START--
INFO: Run Behavior\ReadHtmlCacheBehavior [ RunTime:0.000378s ]
INFO: [ app_begin ] --END-- [ RunTime:0.000406s ]
ERR: 无法加载控制器:Index.php

[ 2018-11-30T16:59:03+08:00 ] 127.0.0.1 //Login/index
INFO: [ app_init ] --START--
INFO: Run Behavior\BuildLiteBehavior [ RunTime:0.000021s ]
INFO: [ app_init ] --END-- [ RunTime:0.000803s ]
INFO: [ app_begin ] --START--
INFO: Run Behavior\ReadHtmlCacheBehavior [ RunTime:0.000784s ]
INFO: [ app_begin ] --END-- [ RunTime:0.000833s ]
SQL: SHOW COLUMNS FROM `mlmcms_config` [ RunTime:0.0118s ]
SQL: SELECT `code`,`value` FROM `mlmcms_config`  [ RunTime:0.0116s ]
SQL: SHOW COLUMNS FROM `mlmcms_user` [ RunTime:0.0117s ]
INFO: [ view_parse ] --START--
INFO: [ template_filter ] --START--
INFO: Run Behavior\ContentReplaceBehavior [ RunTime:0.000205s ]
INFO: [ template_filter ] --END-- [ RunTime:0.000246s ]
NOTIC: [8] Undefined variable: lang_type /Users/mmws/projects/oj/Runtime/Cache/Home/0549063673c1c6658288dccee350b898.php 第 64 行.
NOTIC: [8] Undefined variable: lang_type /Users/mmws/projects/oj/Runtime/Cache/Home/0549063673c1c6658288dccee350b898.php 第 65 行.
NOTIC: [8] Undefined variable: lang_type /Users/mmws/projects/oj/Runtime/Cache/Home/0549063673c1c6658288dccee350b898.php 第 66 行.
INFO: Run Behavior\ParseTemplateBehavior [ RunTime:0.017681s ]
INFO: [ view_parse ] --END-- [ RunTime:0.017715s ]
INFO: [ view_filter ] --START--
INFO: Run Behavior\WriteHtmlCacheBehavior [ RunTime:0.000317s ]
INFO: [ view_filter ] --END-- [ RunTime:0.000346s ]
INFO: [ app_end ] --START--
INFO: Run Behavior\ShowPageTraceBehavior [ RunTime:0.000846s ]
INFO: [ app_end ] --END-- [ RunTime:0.000902s ]

[ 2018-11-30T16:59:04+08:00 ] 127.0.0.1 /Login/every.js.map
INFO: [ app_init ] --START--
INFO: Run Behavior\BuildLiteBehavior [ RunTime:0.000018s ]
INFO: [ app_init ] --END-- [ RunTime:0.000566s ]
INFO: [ app_begin ] --START--
INFO: Run Behavior\ReadHtmlCacheBehavior [ RunTime:0.000699s ]
INFO: [ app_begin ] --END-- [ RunTime:0.000774s ]
SQL: SHOW COLUMNS FROM `mlmcms_config` [ RunTime:0.0118s ]
SQL: SELECT `code`,`value` FROM `mlmcms_config`  [ RunTime:0.0101s ]
SQL: SHOW COLUMNS FROM `mlmcms_user` [ RunTime:0.0112s ]
ERR: 非法操作:every.js

[ 2018-11-30T16:59:06+08:00 ] 127.0.0.1 /index.php/Login/login
INFO: [ app_init ] --START--
INFO: Run Behavior\BuildLiteBehavior [ RunTime:0.000012s ]
INFO: [ app_init ] --END-- [ RunTime:0.000347s ]
INFO: [ app_begin ] --START--
INFO: Run Behavior\ReadHtmlCacheBehavior [ RunTime:0.000391s ]
INFO: [ app_begin ] --END-- [ RunTime:0.000423s ]
ERR: 无法加载控制器:Index.php

[ 2018-11-30T16:59:25+08:00 ] 127.0.0.1 /index.php/Login/index
INFO: [ app_init ] --START--
INFO: Run Behavior\BuildLiteBehavior [ RunTime:0.000016s ]
INFO: [ app_init ] --END-- [ RunTime:0.000473s ]
INFO: [ app_begin ] --START--
INFO: Run Behavior\ReadHtmlCacheBehavior [ RunTime:0.000759s ]
INFO: [ app_begin ] --END-- [ RunTime:0.000847s ]
ERR: 无法加载控制器:Index.php

[ 2018-11-30T16:59:25+08:00 ] 127.0.0.1 /index.php/Login/every.js.map
INFO: [ app_init ] --START--
INFO: Run Behavior\BuildLiteBehavior [ RunTime:0.000016s ]
INFO: [ app_init ] --END-- [ RunTime:0.000685s ]
INFO: [ app_begin ] --START--
INFO: Run Behavior\ReadHtmlCacheBehavior [ RunTime:0.000738s ]
INFO: [ app_begin ] --END-- [ RunTime:0.000829s ]
ERR: 无法加载控制器:Index.php

[ 2018-11-30T17:01:42+08:00 ] 127.0.0.1 /index.php/Login/index
INFO: [ app_init ] --START--
INFO: Run Behavior\BuildLiteBehavior [ RunTime:0.000022s ]
INFO: [ app_init ] --END-- [ RunTime:0.000856s ]
INFO: [ app_begin ] --START--
INFO: Run Behavior\ReadHtmlCacheBehavior [ RunTime:0.000891s ]
INFO: [ app_begin ] --END-- [ RunTime:0.000935s ]
ERR: 无法加载控制器:Index.php

[ 2018-11-30T17:01:42+08:00 ] 127.0.0.1 /index.php/Login/every.js.map
INFO: [ app_init ] --START--
INFO: Run Behavior\BuildLiteBehavior [ RunTime:0.000017s ]
INFO: [ app_init ] --END-- [ RunTime:0.000451s ]
INFO: [ app_begin ] --START--
INFO: Run Behavior\ReadHtmlCacheBehavior [ RunTime:0.000615s ]
INFO: [ app_begin ] --END-- [ RunTime:0.000665s ]
ERR: 无法加载控制器:Index.php

[ 2018-11-30T17:01:47+08:00 ] 127.0.0.1 /Home/Index/home
INFO: [ app_init ] --START--
INFO: Run Behavior\BuildLiteBehavior [ RunTime:0.000013s ]
INFO: [ app_init ] --END-- [ RunTime:0.000334s ]
INFO: [ app_begin ] --START--
INFO: Run Behavior\ReadHtmlCacheBehavior [ RunTime:0.000541s ]
INFO: [ app_begin ] --END-- [ RunTime:0.000585s ]

[ 2018-11-30T17:01:47+08:00 ] 127.0.0.1 /Home/Index/home
INFO: [ app_init ] --START--
INFO: Run Behavior\BuildLiteBehavior [ RunTime:0.000038s ]
INFO: [ app_init ] --END-- [ RunTime:0.000371s ]
INFO: [ app_begin ] --START--
INFO: Run Behavior\ReadHtmlCacheBehavior [ RunTime:0.000421s ]
INFO: [ app_begin ] --END-- [ RunTime:0.000454s ]

[ 2018-11-30T17:01:47+08:00 ] 127.0.0.1 /Home/Index/every.js.map
INFO: [ app_init ] --START--
INFO: Run Behavior\BuildLiteBehavior [ RunTime:0.000016s ]
INFO: [ app_init ] --END-- [ RunTime:0.000356s ]
INFO: [ app_begin ] --START--
INFO: Run Behavior\ReadHtmlCacheBehavior [ RunTime:0.000656s ]
INFO: [ app_begin ] --END-- [ RunTime:0.000694s ]

[ 2018-11-30T17:02:03+08:00 ] 127.0.0.1 /Home/Index/home
INFO: [ app_init ] --START--
INFO: Run Behavior\BuildLiteBehavior [ RunTime:0.000042s ]
INFO: [ app_init ] --END-- [ RunTime:0.000449s ]
INFO: [ app_begin ] --START--
INFO: Run Behavior\ReadHtmlCacheBehavior [ RunTime:0.000545s ]
INFO: [ app_begin ] --END-- [ RunTime:0.000602s ]

[ 2018-11-30T17:02:03+08:00 ] 127.0.0.1 /Home/Index/home
INFO: [ app_init ] --START--
INFO: Run Behavior\BuildLiteBehavior [ RunTime:0.000012s ]
INFO: [ app_init ] --END-- [ RunTime:0.000336s ]
INFO: [ app_begin ] --START--
INFO: Run Behavior\ReadHtmlCacheBehavior [ RunTime:0.000413s ]
INFO: [ app_begin ] --END-- [ RunTime:0.000447s ]

[ 2018-11-30T17:02:04+08:00 ] 127.0.0.1 /Home/Index/every.js.map
INFO: [ app_init ] --START--
INFO: Run Behavior\BuildLiteBehavior [ RunTime:0.000017s ]
INFO: [ app_init ] --END-- [ RunTime:0.000446s ]
INFO: [ app_begin ] --START--
INFO: Run Behavior\ReadHtmlCacheBehavior [ RunTime:0.000691s ]
INFO: [ app_begin ] --END-- [ RunTime:0.000771s ]

[ 2018-11-30T17:02:20+08:00 ] 127.0.0.1 /Home/Index/home
INFO: [ app_init ] --START--
INFO: Run Behavior\BuildLiteBehavior [ RunTime:0.000015s ]
INFO: [ app_init ] --END-- [ RunTime:0.000409s ]
INFO: [ app_begin ] --START--
INFO: Run Behavior\ReadHtmlCacheBehavior [ RunTime:0.000423s ]
INFO: [ app_begin ] --END-- [ RunTime:0.000455s ]
SQL: SHOW COLUMNS FROM `mlmcms_config` [ RunTime:0.0247s ]
SQL: SELECT `code`,`value` FROM `mlmcms_config`  [ RunTime:0.0255s ]
SQL: SHOW COLUMNS FROM `mlmcms_user` [ RunTime:0.0268s ]

[ 2018-11-30T17:02:20+08:00 ] 127.0.0.1 /index.php/Login/index
INFO: [ app_init ] --START--
INFO: Run Behavior\BuildLiteBehavior [ RunTime:0.000015s ]
INFO: [ app_init ] --END-- [ RunTime:0.000410s ]
INFO: [ app_begin ] --START--
INFO: Run Behavior\ReadHtmlCacheBehavior [ RunTime:0.000744s ]
INFO: [ app_begin ] --END-- [ RunTime:0.000799s ]
ERR: 无法加载控制器:Index.php

[ 2018-11-30T17:02:20+08:00 ] 127.0.0.1 /index.php/Login/every.js.map
INFO: [ app_init ] --START--
INFO: Run Behavior\BuildLiteBehavior [ RunTime:0.000028s ]
INFO: [ app_init ] --END-- [ RunTime:0.000579s ]
INFO: [ app_begin ] --START--
INFO: Run Behavior\ReadHtmlCacheBehavior [ RunTime:0.000747s ]
INFO: [ app_begin ] --END-- [ RunTime:0.000827s ]
ERR: 无法加载控制器:Index.php

[ 2018-11-30T17:02:37+08:00 ] 127.0.0.1 /index.php/Login/index
INFO: [ app_init ] --START--
INFO: Run Behavior\BuildLiteBehavior [ RunTime:0.000014s ]
INFO: [ app_init ] --END-- [ RunTime:0.000393s ]
INFO: [ app_begin ] --START--
INFO: Run Behavior\ReadHtmlCacheBehavior [ RunTime:0.000546s ]
INFO: [ app_begin ] --END-- [ RunTime:0.000591s ]
ERR: 无法加载控制器:Index.php

[ 2018-11-30T17:02:38+08:00 ] 127.0.0.1 /index.php/Login/every.js.map
INFO: [ app_init ] --START--
INFO: Run Behavior\BuildLiteBehavior [ RunTime:0.000015s ]
INFO: [ app_init ] --END-- [ RunTime:0.000498s ]
INFO: [ app_begin ] --START--
INFO: Run Behavior\ReadHtmlCacheBehavior [ RunTime:0.000588s ]
INFO: [ app_begin ] --END-- [ RunTime:0.000675s ]
ERR: 无法加载控制器:Index.php

[ 2018-11-30T17:02:40+08:00 ] 127.0.0.1 /Login/every.js.map
INFO: [ app_init ] --START--
INFO: Run Behavior\BuildLiteBehavior [ RunTime:0.000020s ]
INFO: [ app_init ] --END-- [ RunTime:0.000669s ]
INFO: [ app_begin ] --START--
INFO: Run Behavior\ReadHtmlCacheBehavior [ RunTime:0.000753s ]
INFO: [ app_begin ] --END-- [ RunTime:0.000814s ]
SQL: SHOW COLUMNS FROM `mlmcms_config` [ RunTime:0.0119s ]
SQL: SELECT `code`,`value` FROM `mlmcms_config`  [ RunTime:0.0111s ]
SQL: SHOW COLUMNS FROM `mlmcms_user` [ RunTime:0.0135s ]
ERR: 非法操作:every.js

[ 2018-11-30T17:02:41+08:00 ] 127.0.0.1 //Login/index
INFO: [ app_init ] --START--
INFO: Run Behavior\BuildLiteBehavior [ RunTime:0.000014s ]
INFO: [ app_init ] --END-- [ RunTime:0.000429s ]
INFO: [ app_begin ] --START--
INFO: Run Behavior\ReadHtmlCacheBehavior [ RunTime:0.000734s ]
INFO: [ app_begin ] --END-- [ RunTime:0.000776s ]
SQL: SHOW COLUMNS FROM `mlmcms_config` [ RunTime:0.0112s ]
SQL: SELECT `code`,`value` FROM `mlmcms_config`  [ RunTime:0.0117s ]
SQL: SHOW COLUMNS FROM `mlmcms_user` [ RunTime:0.0117s ]
INFO: [ view_parse ] --START--
INFO: [ template_filter ] --START--
INFO: Run Behavior\ContentReplaceBehavior [ RunTime:0.000187s ]
INFO: [ template_filter ] --END-- [ RunTime:0.000233s ]
NOTIC: [8] Undefined variable: lang_type /Users/mmws/projects/oj/Runtime/Cache/Home/0549063673c1c6658288dccee350b898.php 第 64 行.
NOTIC: [8] Undefined variable: lang_type /Users/mmws/projects/oj/Runtime/Cache/Home/0549063673c1c6658288dccee350b898.php 第 65 行.
NOTIC: [8] Undefined variable: lang_type /Users/mmws/projects/oj/Runtime/Cache/Home/0549063673c1c6658288dccee350b898.php 第 66 行.
INFO: Run Behavior\ParseTemplateBehavior [ RunTime:0.009421s ]
INFO: [ view_parse ] --END-- [ RunTime:0.009468s ]
INFO: [ view_filter ] --START--
INFO: Run Behavior\WriteHtmlCacheBehavior [ RunTime:0.000435s ]
INFO: [ view_filter ] --END-- [ RunTime:0.000471s ]
INFO: [ app_end ] --START--
INFO: Run Behavior\ShowPageTraceBehavior [ RunTime:0.000902s ]
INFO: [ app_end ] --END-- [ RunTime:0.000936s ]

[ 2018-11-30T17:02:42+08:00 ] 127.0.0.1 /Login/every.js.map
INFO: [ app_init ] --START--
INFO: Run Behavior\BuildLiteBehavior [ RunTime:0.000015s ]
INFO: [ app_init ] --END-- [ RunTime:0.000474s ]
INFO: [ app_begin ] --START--
INFO: Run Behavior\ReadHtmlCacheBehavior [ RunTime:0.000725s ]
INFO: [ app_begin ] --END-- [ RunTime:0.000789s ]
SQL: SHOW COLUMNS FROM `mlmcms_config` [ RunTime:0.0100s ]
SQL: SELECT `code`,`value` FROM `mlmcms_config`  [ RunTime:0.0119s ]
SQL: SHOW COLUMNS FROM `mlmcms_user` [ RunTime:0.0114s ]
ERR: 非法操作:every.js

[ 2018-11-30T17:03:23+08:00 ] 127.0.0.1 //Login/index
INFO: [ app_init ] --START--
INFO: Run Behavior\BuildLiteBehavior [ RunTime:0.000018s ]
INFO: [ app_init ] --END-- [ RunTime:0.000488s ]
INFO: [ app_begin ] --START--
INFO: Run Behavior\ReadHtmlCacheBehavior [ RunTime:0.000785s ]
INFO: [ app_begin ] --END-- [ RunTime:0.000843s ]
SQL: SHOW COLUMNS FROM `mlmcms_config` [ RunTime:0.0112s ]
SQL: SELECT `code`,`value` FROM `mlmcms_config`  [ RunTime:0.0124s ]
SQL: SHOW COLUMNS FROM `mlmcms_user` [ RunTime:0.0122s ]
INFO: [ view_parse ] --START--
INFO: [ template_filter ] --START--
INFO: Run Behavior\ContentReplaceBehavior [ RunTime:0.000171s ]
INFO: [ template_filter ] --END-- [ RunTime:0.000200s ]
NOTIC: [8] Undefined variable: lang_type /Users/mmws/projects/oj/Runtime/Cache/Home/0549063673c1c6658288dccee350b898.php 第 64 行.
NOTIC: [8] Undefined variable: lang_type /Users/mmws/projects/oj/Runtime/Cache/Home/0549063673c1c6658288dccee350b898.php 第 65 行.
NOTIC: [8] Undefined variable: lang_type /Users/mmws/projects/oj/Runtime/Cache/Home/0549063673c1c6658288dccee350b898.php 第 66 行.
INFO: Run Behavior\ParseTemplateBehavior [ RunTime:0.007022s ]
INFO: [ view_parse ] --END-- [ RunTime:0.007052s ]
INFO: [ view_filter ] --START--
INFO: Run Behavior\WriteHtmlCacheBehavior [ RunTime:0.000148s ]
INFO: [ view_filter ] --END-- [ RunTime:0.000169s ]
INFO: [ app_end ] --START--
INFO: Run Behavior\ShowPageTraceBehavior [ RunTime:0.000441s ]
INFO: [ app_end ] --END-- [ RunTime:0.000466s ]

[ 2018-11-30T17:03:24+08:00 ] 127.0.0.1 /Login/every.js.map
INFO: [ app_init ] --START--
INFO: Run Behavior\BuildLiteBehavior [ RunTime:0.000015s ]
INFO: [ app_init ] --END-- [ RunTime:0.000432s ]
INFO: [ app_begin ] --START--
INFO: Run Behavior\ReadHtmlCacheBehavior [ RunTime:0.001572s ]
INFO: [ app_begin ] --END-- [ RunTime:0.001632s ]
SQL: SHOW COLUMNS FROM `mlmcms_config` [ RunTime:0.0111s ]
SQL: SELECT `code`,`value` FROM `mlmcms_config`  [ RunTime:0.0123s ]
SQL: SHOW COLUMNS FROM `mlmcms_user` [ RunTime:0.0111s ]
ERR: 非法操作:every.js

[ 2018-11-30T17:03:25+08:00 ] 127.0.0.1 /index.php/Login/login
INFO: [ app_init ] --START--
INFO: Run Behavior\BuildLiteBehavior [ RunTime:0.000072s ]
INFO: [ app_init ] --END-- [ RunTime:0.000708s ]
INFO: [ app_begin ] --START--
INFO: Run Behavior\ReadHtmlCacheBehavior [ RunTime:0.000806s ]
INFO: [ app_begin ] --END-- [ RunTime:0.000872s ]
ERR: 无法加载控制器:Index.php

[ 2018-11-30T17:03:29+08:00 ] 127.0.0.1 //Login/index
INFO: [ app_init ] --START--
INFO: Run Behavior\BuildLiteBehavior [ RunTime:0.000012s ]
INFO: [ app_init ] --END-- [ RunTime:0.000371s ]
INFO: [ app_begin ] --START--
INFO: Run Behavior\ReadHtmlCacheBehavior [ RunTime:0.000446s ]
INFO: [ app_begin ] --END-- [ RunTime:0.000483s ]
SQL: SHOW COLUMNS FROM `mlmcms_config` [ RunTime:0.0101s ]
SQL: SELECT `code`,`value` FROM `mlmcms_config`  [ RunTime:0.0118s ]
SQL: SHOW COLUMNS FROM `mlmcms_user` [ RunTime:0.0110s ]
INFO: [ view_parse ] --START--
INFO: [ template_filter ] --START--
INFO: Run Behavior\ContentReplaceBehavior [ RunTime:0.000176s ]
INFO: [ template_filter ] --END-- [ RunTime:0.000208s ]
NOTIC: [8] Undefined variable: lang_type /Users/mmws/projects/oj/Runtime/Cache/Home/0549063673c1c6658288dccee350b898.php 第 64 行.
NOTIC: [8] Undefined variable: lang_type /Users/mmws/projects/oj/Runtime/Cache/Home/0549063673c1c6658288dccee350b898.php 第 65 行.
NOTIC: [8] Undefined variable: lang_type /Users/mmws/projects/oj/Runtime/Cache/Home/0549063673c1c6658288dccee350b898.php 第 66 行.
INFO: Run Behavior\ParseTemplateBehavior [ RunTime:0.006506s ]
INFO: [ view_parse ] --END-- [ RunTime:0.006534s ]
INFO: [ view_filter ] --START--
INFO: Run Behavior\WriteHtmlCacheBehavior [ RunTime:0.000145s ]
INFO: [ view_filter ] --END-- [ RunTime:0.000166s ]
INFO: [ app_end ] --START--
INFO: Run Behavior\ShowPageTraceBehavior [ RunTime:0.000441s ]
INFO: [ app_end ] --END-- [ RunTime:0.000466s ]

[ 2018-11-30T17:03:29+08:00 ] 127.0.0.1 /Login/every.js.map
INFO: [ app_init ] --START--
INFO: Run Behavior\BuildLiteBehavior [ RunTime:0.000023s ]
INFO: [ app_init ] --END-- [ RunTime:0.001432s ]
INFO: [ app_begin ] --START--
INFO: Run Behavior\ReadHtmlCacheBehavior [ RunTime:0.000660s ]
INFO: [ app_begin ] --END-- [ RunTime:0.000757s ]
SQL: SHOW COLUMNS FROM `mlmcms_config` [ RunTime:0.0112s ]
SQL: SELECT `code`,`value` FROM `mlmcms_config`  [ RunTime:0.0125s ]
SQL: SHOW COLUMNS FROM `mlmcms_user` [ RunTime:0.0109s ]
ERR: 非法操作:every.js

[ 2018-11-30T17:03:31+08:00 ] 127.0.0.1 /index.php/Login/login
INFO: [ app_init ] --START--
INFO: Run Behavior\BuildLiteBehavior [ RunTime:0.000014s ]
INFO: [ app_init ] --END-- [ RunTime:0.000428s ]
INFO: [ app_begin ] --START--
INFO: Run Behavior\ReadHtmlCacheBehavior [ RunTime:0.000644s ]
INFO: [ app_begin ] --END-- [ RunTime:0.000730s ]
ERR: 无法加载控制器:Index.php

[ 2018-11-30T17:03:50+08:00 ] 127.0.0.1 //Login/index
INFO: [ app_init ] --START--
INFO: Run Behavior\BuildLiteBehavior [ RunTime:0.000016s ]
INFO: [ app_init ] --END-- [ RunTime:0.000701s ]
INFO: [ app_begin ] --START--
INFO: Run Behavior\ReadHtmlCacheBehavior [ RunTime:0.000866s ]
INFO: [ app_begin ] --END-- [ RunTime:0.000924s ]
SQL: SHOW COLUMNS FROM `mlmcms_config` [ RunTime:0.0119s ]
SQL: SELECT `code`,`value` FROM `mlmcms_config`  [ RunTime:0.0121s ]
SQL: SHOW COLUMNS FROM `mlmcms_user` [ RunTime:0.0111s ]
INFO: [ view_parse ] --START--
INFO: [ template_filter ] --START--
INFO: Run Behavior\ContentReplaceBehavior [ RunTime:0.000190s ]
INFO: [ template_filter ] --END-- [ RunTime:0.000227s ]
NOTIC: [8] Undefined variable: lang_type /Users/mmws/projects/oj/Runtime/Cache/Home/0549063673c1c6658288dccee350b898.php 第 64 行.
NOTIC: [8] Undefined variable: lang_type /Users/mmws/projects/oj/Runtime/Cache/Home/0549063673c1c6658288dccee350b898.php 第 65 行.
NOTIC: [8] Undefined variable: lang_type /Users/mmws/projects/oj/Runtime/Cache/Home/0549063673c1c6658288dccee350b898.php 第 66 行.
INFO: Run Behavior\ParseTemplateBehavior [ RunTime:0.008520s ]
INFO: [ view_parse ] --END-- [ RunTime:0.008555s ]
INFO: [ view_filter ] --START--
INFO: Run Behavior\WriteHtmlCacheBehavior [ RunTime:0.000319s ]
INFO: [ view_filter ] --END-- [ RunTime:0.000350s ]
INFO: [ app_end ] --START--
INFO: Run Behavior\ShowPageTraceBehavior [ RunTime:0.000899s ]
INFO: [ app_end ] --END-- [ RunTime:0.000942s ]

[ 2018-11-30T17:03:51+08:00 ] 127.0.0.1 /Login/every.js.map
INFO: [ app_init ] --START--
INFO: Run Behavior\BuildLiteBehavior [ RunTime:0.000017s ]
INFO: [ app_init ] --END-- [ RunTime:0.000473s ]
INFO: [ app_begin ] --START--
INFO: Run Behavior\ReadHtmlCacheBehavior [ RunTime:0.000568s ]
INFO: [ app_begin ] --END-- [ RunTime:0.000660s ]
SQL: SHOW COLUMNS FROM `mlmcms_config` [ RunTime:0.0109s ]
SQL: SELECT `code`,`value` FROM `mlmcms_config`  [ RunTime:0.0115s ]
SQL: SHOW COLUMNS FROM `mlmcms_user` [ RunTime:0.0110s ]
ERR: 非法操作:every.js

[ 2018-11-30T17:03:52+08:00 ] 127.0.0.1 /index.php/Login/login
INFO: [ app_init ] --START--
INFO: Run Behavior\BuildLiteBehavior [ RunTime:0.000013s ]
INFO: [ app_init ] --END-- [ RunTime:0.000334s ]
INFO: [ app_begin ] --START--
INFO: Run Behavior\ReadHtmlCacheBehavior [ RunTime:0.000866s ]
INFO: [ app_begin ] --END-- [ RunTime:0.000949s ]
ERR: 无法加载控制器:Index.php

[ 2018-11-30T17:03:55+08:00 ] 127.0.0.1 /index.php/Login/index
INFO: [ app_init ] --START--
INFO: Run Behavior\BuildLiteBehavior [ RunTime:0.000019s ]
INFO: [ app_init ] --END-- [ RunTime:0.000521s ]
INFO: [ app_begin ] --START--
INFO: Run Behavior\ReadHtmlCacheBehavior [ RunTime:0.000460s ]
INFO: [ app_begin ] --END-- [ RunTime:0.000504s ]
ERR: 无法加载控制器:Index.php

[ 2018-11-30T17:03:55+08:00 ] 127.0.0.1 /index.php/Login/every.js.map
INFO: [ app_init ] --START--
INFO: Run Behavior\BuildLiteBehavior [ RunTime:0.000014s ]
INFO: [ app_init ] --END-- [ RunTime:0.000378s ]
INFO: [ app_begin ] --START--
INFO: Run Behavior\ReadHtmlCacheBehavior [ RunTime:0.000603s ]
INFO: [ app_begin ] --END-- [ RunTime:0.000646s ]
ERR: 无法加载控制器:Index.php

[ 2018-11-30T17:03:57+08:00 ] 127.0.0.1 /index.php/Login/index
INFO: [ app_init ] --START--
INFO: Run Behavior\BuildLiteBehavior [ RunTime:0.000012s ]
INFO: [ app_init ] --END-- [ RunTime:0.000329s ]
INFO: [ app_begin ] --START--
INFO: Run Behavior\ReadHtmlCacheBehavior [ RunTime:0.000544s ]
INFO: [ app_begin ] --END-- [ RunTime:0.000632s ]
ERR: 无法加载控制器:Index.php

[ 2018-11-30T17:03:57+08:00 ] 127.0.0.1 /index.php/Login/every.js.map
INFO: [ app_init ] --START--
INFO: Run Behavior\BuildLiteBehavior [ RunTime:0.000013s ]
INFO: [ app_init ] --END-- [ RunTime:0.000629s ]
INFO: [ app_begin ] --START--
INFO: Run Behavior\ReadHtmlCacheBehavior [ RunTime:0.000720s ]
INFO: [ app_begin ] --END-- [ RunTime:0.000790s ]
ERR: 无法加载控制器:Index.php

[ 2018-11-30T17:03:59+08:00 ] 127.0.0.1 /Home/Index/home
INFO: [ app_init ] --START--
INFO: Run Behavior\BuildLiteBehavior [ RunTime:0.000011s ]
INFO: [ app_init ] --END-- [ RunTime:0.000293s ]
INFO: [ app_begin ] --START--
INFO: Run Behavior\ReadHtmlCacheBehavior [ RunTime:0.000382s ]
INFO: [ app_begin ] --END-- [ RunTime:0.000413s ]
SQL: SHOW COLUMNS FROM `mlmcms_config` [ RunTime:0.0118s ]
SQL: SELECT `code`,`value` FROM `mlmcms_config`  [ RunTime:0.0131s ]
SQL: SHOW COLUMNS FROM `mlmcms_user` [ RunTime:0.0119s ]

[ 2018-11-30T17:03:59+08:00 ] 127.0.0.1 /index.php/Login/index
INFO: [ app_init ] --START--
INFO: Run Behavior\BuildLiteBehavior [ RunTime:0.000012s ]
INFO: [ app_init ] --END-- [ RunTime:0.000304s ]
INFO: [ app_begin ] --START--
INFO: Run Behavior\ReadHtmlCacheBehavior [ RunTime:0.000711s ]
INFO: [ app_begin ] --END-- [ RunTime:0.000766s ]
ERR: 无法加载控制器:Index.php

[ 2018-11-30T17:03:59+08:00 ] 127.0.0.1 /index.php/Login/every.js.map
INFO: [ app_init ] --START--
INFO: Run Behavior\BuildLiteBehavior [ RunTime:0.000024s ]
INFO: [ app_init ] --END-- [ RunTime:0.000494s ]
INFO: [ app_begin ] --START--
INFO: Run Behavior\ReadHtmlCacheBehavior [ RunTime:0.000567s ]
INFO: [ app_begin ] --END-- [ RunTime:0.000601s ]
ERR: 无法加载控制器:Index.php

[ 2018-11-30T17:04:00+08:00 ] 127.0.0.1 /Home/Index/home
INFO: [ app_init ] --START--
INFO: Run Behavior\BuildLiteBehavior [ RunTime:0.000009s ]
INFO: [ app_init ] --END-- [ RunTime:0.000253s ]
INFO: [ app_begin ] --START--
INFO: Run Behavior\ReadHtmlCacheBehavior [ RunTime:0.000359s ]
INFO: [ app_begin ] --END-- [ RunTime:0.000386s ]
SQL: SHOW COLUMNS FROM `mlmcms_config` [ RunTime:0.0114s ]
SQL: SELECT `code`,`value` FROM `mlmcms_config`  [ RunTime:0.0131s ]
SQL: SHOW COLUMNS FROM `mlmcms_user` [ RunTime:0.0132s ]

[ 2018-11-30T17:04:00+08:00 ] 127.0.0.1 /index.php/Login/index
INFO: [ app_init ] --START--
INFO: Run Behavior\BuildLiteBehavior [ RunTime:0.000012s ]
INFO: [ app_init ] --END-- [ RunTime:0.000315s ]
INFO: [ app_begin ] --START--
INFO: Run Behavior\ReadHtmlCacheBehavior [ RunTime:0.000400s ]
INFO: [ app_begin ] --END-- [ RunTime:0.000432s ]
ERR: 无法加载控制器:Index.php

[ 2018-11-30T17:04:01+08:00 ] 127.0.0.1 /index.php/Login/every.js.map
INFO: [ app_init ] --START--
INFO: Run Behavior\BuildLiteBehavior [ RunTime:0.000014s ]
INFO: [ app_init ] --END-- [ RunTime:0.000515s ]
INFO: [ app_begin ] --START--
INFO: Run Behavior\ReadHtmlCacheBehavior [ RunTime:0.000694s ]
INFO: [ app_begin ] --END-- [ RunTime:0.000754s ]
ERR: 无法加载控制器:Index.php

[ 2018-11-30T17:04:01+08:00 ] 127.0.0.1 /Home/Index/home
INFO: [ app_init ] --START--
INFO: Run Behavior\BuildLiteBehavior [ RunTime:0.000015s ]
INFO: [ app_init ] --END-- [ RunTime:0.000334s ]
INFO: [ app_begin ] --START--
INFO: Run Behavior\ReadHtmlCacheBehavior [ RunTime:0.000619s ]
INFO: [ app_begin ] --END-- [ RunTime:0.000695s ]
SQL: SHOW COLUMNS FROM `mlmcms_config` [ RunTime:0.0117s ]
SQL: SELECT `code`,`value` FROM `mlmcms_config`  [ RunTime:0.0127s ]
SQL: SHOW COLUMNS FROM `mlmcms_user` [ RunTime:0.0109s ]

[ 2018-11-30T17:04:01+08:00 ] 127.0.0.1 /index.php/Login/index
INFO: [ app_init ] --START--
INFO: Run Behavior\BuildLiteBehavior [ RunTime:0.000011s ]
INFO: [ app_init ] --END-- [ RunTime:0.000304s ]
INFO: [ app_begin ] --START--
INFO: Run Behavior\ReadHtmlCacheBehavior [ RunTime:0.000396s ]
INFO: [ app_begin ] --END-- [ RunTime:0.000428s ]
ERR: 无法加载控制器:Index.php

[ 2018-11-30T17:04:02+08:00 ] 127.0.0.1 /index.php/Login/every.js.map
INFO: [ app_init ] --START--
INFO: Run Behavior\BuildLiteBehavior [ RunTime:0.000017s ]
INFO: [ app_init ] --END-- [ RunTime:0.000482s ]
INFO: [ app_begin ] --START--
INFO: Run Behavior\ReadHtmlCacheBehavior [ RunTime:0.000786s ]
INFO: [ app_begin ] --END-- [ RunTime:0.000845s ]
ERR: 无法加载控制器:Index.php

[ 2018-11-30T17:05:58+08:00 ] 127.0.0.1 /index.php/Login/index
INFO: [ app_init ] --START--
INFO: Run Behavior\BuildLiteBehavior [ RunTime:0.000041s ]
INFO: [ app_init ] --END-- [ RunTime:0.000887s ]
INFO: [ app_begin ] --START--
INFO: Run Behavior\ReadHtmlCacheBehavior [ RunTime:0.000830s ]
INFO: [ app_begin ] --END-- [ RunTime:0.000884s ]
ERR: 无法加载控制器:Index.php

[ 2018-11-30T17:05:59+08:00 ] 127.0.0.1 /index.php/Login/every.js.map
INFO: [ app_init ] --START--
INFO: Run Behavior\BuildLiteBehavior [ RunTime:0.000020s ]
INFO: [ app_init ] --END-- [ RunTime:0.000571s ]
INFO: [ app_begin ] --START--
INFO: Run Behavior\ReadHtmlCacheBehavior [ RunTime:0.000609s ]
INFO: [ app_begin ] --END-- [ RunTime:0.000665s ]
ERR: 无法加载控制器:Index.php

[ 2018-11-30T17:06:14+08:00 ] 127.0.0.1 /Home/Index/home
INFO: [ app_init ] --START--
INFO: Run Behavior\BuildLiteBehavior [ RunTime:0.000029s ]
INFO: [ app_init ] --END-- [ RunTime:0.000446s ]
INFO: [ app_begin ] --START--
INFO: Run Behavior\ReadHtmlCacheBehavior [ RunTime:0.000485s ]
INFO: [ app_begin ] --END-- [ RunTime:0.000530s ]
SQL: SHOW COLUMNS FROM `mlmcms_config` [ RunTime:0.0117s ]
SQL: SELECT `code`,`value` FROM `mlmcms_config`  [ RunTime:0.0111s ]
SQL: SHOW COLUMNS FROM `mlmcms_user` [ RunTime:0.0124s ]

[ 2018-11-30T17:06:15+08:00 ] 127.0.0.1 /index.php/Login/index
INFO: [ app_init ] --START--
INFO: Run Behavior\BuildLiteBehavior [ RunTime:0.000010s ]
INFO: [ app_init ] --END-- [ RunTime:0.000292s ]
INFO: [ app_begin ] --START--
INFO: Run Behavior\ReadHtmlCacheBehavior [ RunTime:0.000412s ]
INFO: [ app_begin ] --END-- [ RunTime:0.000449s ]
ERR: 无法加载控制器:Index.php

[ 2018-11-30T17:06:15+08:00 ] 127.0.0.1 /index.php/Login/every.js.map
INFO: [ app_init ] --START--
INFO: Run Behavior\BuildLiteBehavior [ RunTime:0.000013s ]
INFO: [ app_init ] --END-- [ RunTime:0.000412s ]
INFO: [ app_begin ] --START--
INFO: Run Behavior\ReadHtmlCacheBehavior [ RunTime:0.000560s ]
INFO: [ app_begin ] --END-- [ RunTime:0.000604s ]
ERR: 无法加载控制器:Index.php

[ 2018-11-30T17:06:19+08:00 ] 127.0.0.1 /Login/index
INFO: [ app_init ] --START--
INFO: Run Behavior\BuildLiteBehavior [ RunTime:0.000017s ]
INFO: [ app_init ] --END-- [ RunTime:0.000683s ]
INFO: [ app_begin ] --START--
INFO: Run Behavior\ReadHtmlCacheBehavior [ RunTime:0.000775s ]
INFO: [ app_begin ] --END-- [ RunTime:0.000839s ]
SQL: SHOW COLUMNS FROM `mlmcms_config` [ RunTime:0.0099s ]
SQL: SELECT `code`,`value` FROM `mlmcms_config`  [ RunTime:0.0111s ]
SQL: SHOW COLUMNS FROM `mlmcms_user` [ RunTime:0.0111s ]
INFO: [ view_parse ] --START--
INFO: [ template_filter ] --START--
INFO: Run Behavior\ContentReplaceBehavior [ RunTime:0.000187s ]
INFO: [ template_filter ] --END-- [ RunTime:0.000223s ]
NOTIC: [8] Undefined variable: lang_type /Users/mmws/projects/oj/Runtime/Cache/Home/0549063673c1c6658288dccee350b898.php 第 64 行.
NOTIC: [8] Undefined variable: lang_type /Users/mmws/projects/oj/Runtime/Cache/Home/0549063673c1c6658288dccee350b898.php 第 65 行.
NOTIC: [8] Undefined variable: lang_type /Users/mmws/projects/oj/Runtime/Cache/Home/0549063673c1c6658288dccee350b898.php 第 66 行.
INFO: Run Behavior\ParseTemplateBehavior [ RunTime:0.009108s ]
INFO: [ view_parse ] --END-- [ RunTime:0.009136s ]
INFO: [ view_filter ] --START--
INFO: Run Behavior\WriteHtmlCacheBehavior [ RunTime:0.000285s ]
INFO: [ view_filter ] --END-- [ RunTime:0.000315s ]
INFO: [ app_end ] --START--
INFO: Run Behavior\ShowPageTraceBehavior [ RunTime:0.000845s ]
INFO: [ app_end ] --END-- [ RunTime:0.000876s ]

[ 2018-11-30T17:06:20+08:00 ] 127.0.0.1 /Login/every.js.map
INFO: [ app_init ] --START--
INFO: Run Behavior\BuildLiteBehavior [ RunTime:0.000031s ]
INFO: [ app_init ] --END-- [ RunTime:0.000607s ]
INFO: [ app_begin ] --START--
INFO: Run Behavior\ReadHtmlCacheBehavior [ RunTime:0.000816s ]
INFO: [ app_begin ] --END-- [ RunTime:0.000874s ]
SQL: SHOW COLUMNS FROM `mlmcms_config` [ RunTime:0.0115s ]
SQL: SELECT `code`,`value` FROM `mlmcms_config`  [ RunTime:0.0119s ]
SQL: SHOW COLUMNS FROM `mlmcms_user` [ RunTime:0.0128s ]
ERR: 非法操作:every.js

[ 2018-11-30T17:06:22+08:00 ] 127.0.0.1 /index.php/Login/login
INFO: [ app_init ] --START--
INFO: Run Behavior\BuildLiteBehavior [ RunTime:0.000012s ]
INFO: [ app_init ] --END-- [ RunTime:0.000294s ]
INFO: [ app_begin ] --START--
INFO: Run Behavior\ReadHtmlCacheBehavior [ RunTime:0.000623s ]
INFO: [ app_begin ] --END-- [ RunTime:0.000708s ]
ERR: 无法加载控制器:Index.php

[ 2018-11-30T17:09:15+08:00 ] 127.0.0.1 /Login/index
INFO: [ app_init ] --START--
INFO: Run Behavior\BuildLiteBehavior [ RunTime:0.000017s ]
INFO: [ app_init ] --END-- [ RunTime:0.000767s ]
INFO: [ app_begin ] --START--
INFO: Run Behavior\ReadHtmlCacheBehavior [ RunTime:0.001074s ]
INFO: [ app_begin ] --END-- [ RunTime:0.001119s ]
SQL: SHOW COLUMNS FROM `mlmcms_config` [ RunTime:0.0239s ]
SQL: SELECT `code`,`value` FROM `mlmcms_config`  [ RunTime:0.0132s ]
SQL: SHOW COLUMNS FROM `mlmcms_user` [ RunTime:0.0116s ]
INFO: [ view_parse ] --START--
INFO: [ template_filter ] --START--
INFO: Run Behavior\ContentReplaceBehavior [ RunTime:0.000180s ]
INFO: [ template_filter ] --END-- [ RunTime:0.000214s ]
NOTIC: [8] Undefined variable: lang_type /Users/mmws/projects/oj/Runtime/Cache/Home/0549063673c1c6658288dccee350b898.php 第 64 行.
NOTIC: [8] Undefined variable: lang_type /Users/mmws/projects/oj/Runtime/Cache/Home/0549063673c1c6658288dccee350b898.php 第 65 行.
NOTIC: [8] Undefined variable: lang_type /Users/mmws/projects/oj/Runtime/Cache/Home/0549063673c1c6658288dccee350b898.php 第 66 行.
INFO: Run Behavior\ParseTemplateBehavior [ RunTime:0.008741s ]
INFO: [ view_parse ] --END-- [ RunTime:0.008819s ]
INFO: [ view_filter ] --START--
INFO: Run Behavior\WriteHtmlCacheBehavior [ RunTime:0.000308s ]
INFO: [ view_filter ] --END-- [ RunTime:0.000336s ]
INFO: [ app_end ] --START--
INFO: Run Behavior\ShowPageTraceBehavior [ RunTime:0.000939s ]
INFO: [ app_end ] --END-- [ RunTime:0.000976s ]

[ 2018-11-30T17:09:16+08:00 ] 127.0.0.1 /Login/every.js.map
INFO: [ app_init ] --START--
INFO: Run Behavior\BuildLiteBehavior [ RunTime:0.000018s ]
INFO: [ app_init ] --END-- [ RunTime:0.000650s ]
INFO: [ app_begin ] --START--
INFO: Run Behavior\ReadHtmlCacheBehavior [ RunTime:0.000811s ]
INFO: [ app_begin ] --END-- [ RunTime:0.000898s ]
SQL: SHOW COLUMNS FROM `mlmcms_config` [ RunTime:0.0103s ]
SQL: SELECT `code`,`value` FROM `mlmcms_config`  [ RunTime:0.0111s ]
SQL: SHOW COLUMNS FROM `mlmcms_user` [ RunTime:0.0122s ]
ERR: 非法操作:every.js

[ 2018-11-30T17:09:19+08:00 ] 127.0.0.1 /index.php/Login/login
INFO: [ app_init ] --START--
INFO: Run Behavior\BuildLiteBehavior [ RunTime:0.000013s ]
INFO: [ app_init ] --END-- [ RunTime:0.000336s ]
INFO: [ app_begin ] --START--
INFO: Run Behavior\ReadHtmlCacheBehavior [ RunTime:0.000628s ]
INFO: [ app_begin ] --END-- [ RunTime:0.000756s ]
ERR: 无法加载控制器:Index.php

[ 2018-11-30T17:10:23+08:00 ] 127.0.0.1 /Login/every.js.map
ERR: 非法操作:every.js

[ 2018-11-30T17:11:32+08:00 ] 127.0.0.1 /index.php/Login/login
INFO: [ app_begin ] --START--
INFO: Run Behavior\ReadHtmlCacheBehavior [ RunTime:0.001000s ]
INFO: [ app_begin ] --END-- [ RunTime:0.001573s ]
ERR: 无法加载控制器:Index.php

[ 2018-11-30T17:15:01+08:00 ] 127.0.0.1 /Login/every.js.map
ERR: 非法操作:every.js

[ 2018-11-30T17:15:01+08:00 ] 127.0.0.1 /Login/login
INFO: [ app_begin ] --START--
INFO: Run Behavior\ReadHtmlCacheBehavior [ RunTime:0.000573s ]
INFO: [ app_begin ] --END-- [ RunTime:0.001017s ]
SQL: SHOW COLUMNS FROM `mlmcms_config` [ RunTime:0.0110s ]
SQL: SELECT `code`,`value` FROM `mlmcms_config`  [ RunTime:0.0117s ]
SQL: SHOW COLUMNS FROM `mlmcms_user` [ RunTime:0.0105s ]

[ 2018-11-30T17:17:48+08:00 ] 127.0.0.1 /Login/every.js.map
ERR: 非法操作:every.js

[ 2018-11-30T17:17:56+08:00 ] 127.0.0.1 /index.php/Login/index
ERR: 无法加载控制器:Index.php

[ 2018-11-30T17:17:56+08:00 ] 127.0.0.1 /index.php/Login/every.js.map
ERR: 无法加载控制器:Index.php

[ 2018-11-30T17:18:56+08:00 ] 127.0.0.1 /index.php/Login/index
ERR: 无法加载控制器:Index.php

[ 2018-11-30T17:18:56+08:00 ] 127.0.0.1 /index.php/Login/every.js.map
ERR: 无法加载控制器:Index.php

[ 2018-11-30T17:19:30+08:00 ] 127.0.0.1 /index.php/Login/index
ERR: 无法加载控制器:Index.php

[ 2018-11-30T17:19:31+08:00 ] 127.0.0.1 /index.php/Login/every.js.map
ERR: 无法加载控制器:Index.php

[ 2018-11-30T17:19:32+08:00 ] 127.0.0.1 /index.php/Login/index
ERR: 无法加载控制器:Index.php

[ 2018-11-30T17:19:33+08:00 ] 127.0.0.1 /index.php/Login/every.js.map
ERR: 无法加载控制器:Index.php

[ 2018-11-30T17:19:37+08:00 ] 127.0.0.1 /index.php/Login/index
ERR: 无法加载控制器:Index.php

[ 2018-11-30T17:19:37+08:00 ] 127.0.0.1 /index.php/Login/index
ERR: 无法加载控制器:Index.php

[ 2018-11-30T17:19:38+08:00 ] 127.0.0.1 /index.php/Login/every.js.map
ERR: 无法加载控制器:Index.php

[ 2018-11-30T17:19:40+08:00 ] 127.0.0.1 /index.php/Login/index
ERR: 无法加载控制器:Index.php

[ 2018-11-30T17:19:41+08:00 ] 127.0.0.1 /index.php/Login/every.js.map
ERR: 无法加载控制器:Index.php

[ 2018-11-30T17:19:42+08:00 ] 127.0.0.1 /index.php/Login/index
ERR: 无法加载控制器:Index.php

[ 2018-11-30T17:19:43+08:00 ] 127.0.0.1 /index.php/Login/every.js.map
ERR: 无法加载控制器:Index.php

[ 2018-11-30T17:24:37+08:00 ] 127.0.0.1 /index.php/Login/index
ERR: 无法加载控制器:Index.php

[ 2018-11-30T17:24:38+08:00 ] 127.0.0.1 /index.php/Login/every.js.map
ERR: 无法加载控制器:Index.php

[ 2018-11-30T17:24:43+08:00 ] 127.0.0.1 /Login/every.js.map
ERR: 非法操作:every.js

[ 2018-11-30T17:24:45+08:00 ] 127.0.0.1 /index.php?m=&c=Login&a=login
INFO: [ app_begin ] --START--
INFO: Run Behavior\ReadHtmlCacheBehavior [ RunTime:0.000417s ]
INFO: [ app_begin ] --END-- [ RunTime:0.000831s ]
SQL: SHOW COLUMNS FROM `mlmcms_config` [ RunTime:0.0113s ]
SQL: SELECT `code`,`value` FROM `mlmcms_config`  [ RunTime:0.0106s ]
SQL: SHOW COLUMNS FROM `mlmcms_user` [ RunTime:0.0111s ]

[ 2018-11-30T17:24:54+08:00 ] 127.0.0.1 /index.php?m=&c=Login&a=login
INFO: [ app_begin ] --START--
INFO: Run Behavior\ReadHtmlCacheBehavior [ RunTime:0.000596s ]
INFO: [ app_begin ] --END-- [ RunTime:0.000976s ]
SQL: SHOW COLUMNS FROM `mlmcms_config` [ RunTime:0.0243s ]
SQL: SELECT `code`,`value` FROM `mlmcms_config`  [ RunTime:0.0232s ]
SQL: SHOW COLUMNS FROM `mlmcms_user` [ RunTime:0.0141s ]

[ 2018-11-30T17:24:58+08:00 ] 127.0.0.1 /index.php?m=&c=Login&a=login
INFO: [ app_begin ] --START--
INFO: Run Behavior\ReadHtmlCacheBehavior [ RunTime:0.000464s ]
INFO: [ app_begin ] --END-- [ RunTime:0.000852s ]
SQL: SHOW COLUMNS FROM `mlmcms_config` [ RunTime:0.0105s ]
SQL: SELECT `code`,`value` FROM `mlmcms_config`  [ RunTime:0.0122s ]
SQL: SHOW COLUMNS FROM `mlmcms_user` [ RunTime:0.0124s ]

[ 2018-11-30T17:25:01+08:00 ] 127.0.0.1 /index.php?m=&c=Login&a=login
INFO: [ app_begin ] --START--
INFO: Run Behavior\ReadHtmlCacheBehavior [ RunTime:0.000739s ]
INFO: [ app_begin ] --END-- [ RunTime:0.001281s ]
SQL: SHOW COLUMNS FROM `mlmcms_config` [ RunTime:0.0113s ]
SQL: SELECT `code`,`value` FROM `mlmcms_config`  [ RunTime:0.0120s ]
SQL: SHOW COLUMNS FROM `mlmcms_user` [ RunTime:0.0121s ]

[ 2018-11-30T17:25:05+08:00 ] 127.0.0.1 /Login/every.js.map
ERR: 非法操作:every.js

[ 2018-11-30T17:25:06+08:00 ] 127.0.0.1 /index.php?m=&c=Login&a=login
INFO: [ app_begin ] --START--
INFO: Run Behavior\ReadHtmlCacheBehavior [ RunTime:0.000406s ]
INFO: [ app_begin ] --END-- [ RunTime:0.000709s ]
SQL: SHOW COLUMNS FROM `mlmcms_config` [ RunTime:0.0137s ]
SQL: SELECT `code`,`value` FROM `mlmcms_config`  [ RunTime:0.0140s ]
SQL: SHOW COLUMNS FROM `mlmcms_user` [ RunTime:0.0168s ]

[ 2018-11-30T17:25:16+08:00 ] 127.0.0.1 /Login/every.js.map
ERR: 非法操作:every.js

[ 2018-11-30T17:25:30+08:00 ] 127.0.0.1 /index.php?m=&c=Login&a=login
INFO: [ app_begin ] --START--
INFO: Run Behavior\ReadHtmlCacheBehavior [ RunTime:0.000416s ]
INFO: [ app_begin ] --END-- [ RunTime:0.000899s ]
SQL: SHOW COLUMNS FROM `mlmcms_config` [ RunTime:0.0114s ]
SQL: SELECT `code`,`value` FROM `mlmcms_config`  [ RunTime:0.0120s ]
SQL: SHOW COLUMNS FROM `mlmcms_user` [ RunTime:0.0120s ]

[ 2018-11-30T17:25:33+08:00 ] 127.0.0.1 /Login/every.js.map
ERR: 非法操作:every.js

[ 2018-11-30T17:28:19+08:00 ] 127.0.0.1 /Login/every.js.map
ERR: 非法操作:every.js

[ 2018-11-30T17:28:24+08:00 ] 127.0.0.1 /index.php?m=&c=Login&a=login
INFO: [ app_begin ] --START--
INFO: Run Behavior\ReadHtmlCacheBehavior [ RunTime:0.000450s ]
INFO: [ app_begin ] --END-- [ RunTime:0.000847s ]
SQL: SHOW COLUMNS FROM `mlmcms_config` [ RunTime:0.0106s ]
SQL: SELECT `code`,`value` FROM `mlmcms_config`  [ RunTime:0.0121s ]
SQL: SHOW COLUMNS FROM `mlmcms_user` [ RunTime:0.0117s ]

[ 2018-11-30T17:28:28+08:00 ] 127.0.0.1 /Login/every.js.map
ERR: 非法操作:every.js

[ 2018-11-30T17:28:33+08:00 ] 127.0.0.1 /index.php?m=&c=Login&a=login
INFO: [ app_begin ] --START--
INFO: Run Behavior\ReadHtmlCacheBehavior [ RunTime:0.000730s ]
INFO: [ app_begin ] --END-- [ RunTime:0.001275s ]
SQL: SHOW COLUMNS FROM `mlmcms_config` [ RunTime:0.0132s ]
SQL: SELECT `code`,`value` FROM `mlmcms_config`  [ RunTime:0.0123s ]
SQL: SHOW COLUMNS FROM `mlmcms_user` [ RunTime:0.0117s ]

[ 2018-11-30T17:28:41+08:00 ] 127.0.0.1 /index.php?m=&c=Login&a=login
INFO: [ app_begin ] --START--
INFO: Run Behavior\ReadHtmlCacheBehavior [ RunTime:0.000444s ]
INFO: [ app_begin ] --END-- [ RunTime:0.000762s ]
SQL: SHOW COLUMNS FROM `mlmcms_config` [ RunTime:0.0113s ]
SQL: SELECT `code`,`value` FROM `mlmcms_config`  [ RunTime:0.0111s ]
SQL: SHOW COLUMNS FROM `mlmcms_user` [ RunTime:0.0111s ]

[ 2018-11-30T17:28:46+08:00 ] 127.0.0.1 /index.php?m=&c=Login&a=login
INFO: [ app_begin ] --START--
INFO: Run Behavior\ReadHtmlCacheBehavior [ RunTime:0.000771s ]
INFO: [ app_begin ] --END-- [ RunTime:0.001281s ]
SQL: SHOW COLUMNS FROM `mlmcms_config` [ RunTime:0.0114s ]
SQL: SELECT `code`,`value` FROM `mlmcms_config`  [ RunTime:0.0163s ]
SQL: SHOW COLUMNS FROM `mlmcms_user` [ RunTime:0.0168s ]

[ 2018-11-30T17:35:10+08:00 ] 127.0.0.1 /index.php?m=&c=Login&a=login
INFO: [ app_begin ] --START--
INFO: Run Behavior\ReadHtmlCacheBehavior [ RunTime:0.000741s ]
INFO: [ app_begin ] --END-- [ RunTime:0.001428s ]
SQL: SHOW COLUMNS FROM `mlmcms_config` [ RunTime:0.0115s ]
SQL: SELECT `code`,`value` FROM `mlmcms_config`  [ RunTime:0.0113s ]
SQL: SHOW COLUMNS FROM `mlmcms_user` [ RunTime:0.0115s ]

[ 2018-11-30T17:35:18+08:00 ] 127.0.0.1 /Login/every.js.map
ERR: 非法操作:every.js

[ 2018-11-30T17:35:24+08:00 ] 127.0.0.1 /index.php?m=&c=Login&a=login
INFO: [ app_begin ] --START--
INFO: Run Behavior\ReadHtmlCacheBehavior [ RunTime:0.000613s ]
INFO: [ app_begin ] --END-- [ RunTime:0.001148s ]
SQL: SHOW COLUMNS FROM `mlmcms_config` [ RunTime:0.0108s ]
SQL: SELECT `code`,`value` FROM `mlmcms_config`  [ RunTime:0.0109s ]
SQL: SHOW COLUMNS FROM `mlmcms_user` [ RunTime:0.0122s ]

[ 2018-11-30T17:35:55+08:00 ] 127.0.0.1 /Login/every.js.map
ERR: 非法操作:every.js

[ 2018-11-30T17:35:59+08:00 ] 127.0.0.1 /index.php/Login/login
INFO: [ app_begin ] --START--
INFO: Run Behavior\ReadHtmlCacheBehavior [ RunTime:0.000581s ]
INFO: [ app_begin ] --END-- [ RunTime:0.001032s ]
ERR: 无法加载控制器:Index.php

[ 2018-11-30T17:36:35+08:00 ] 127.0.0.1 /Login/every.js.map
ERR: 非法操作:every.js

[ 2018-11-30T17:36:38+08:00 ] 127.0.0.1 /index.php?m=&c=Login&a=login
INFO: [ app_begin ] --START--
INFO: Run Behavior\ReadHtmlCacheBehavior [ RunTime:0.000452s ]
INFO: [ app_begin ] --END-- [ RunTime:0.001054s ]
SQL: SHOW COLUMNS FROM `mlmcms_config` [ RunTime:0.0107s ]
SQL: SELECT `code`,`value` FROM `mlmcms_config`  [ RunTime:0.0114s ]
SQL: SHOW COLUMNS FROM `mlmcms_user` [ RunTime:0.0109s ]

[ 2018-11-30T17:42:08+08:00 ] 127.0.0.1 /Login/every.js.map
ERR: 非法操作:every.js

[ 2018-11-30T17:42:10+08:00 ] 127.0.0.1 /index.php?m=&c=Login&a=login
INFO: [ app_begin ] --START--
INFO: Run Behavior\ReadHtmlCacheBehavior [ RunTime:0.000585s ]
INFO: [ app_begin ] --END-- [ RunTime:0.000987s ]
SQL: SHOW COLUMNS FROM `mlmcms_config` [ RunTime:0.0111s ]
SQL: SELECT `code`,`value` FROM `mlmcms_config`  [ RunTime:0.0117s ]
SQL: SHOW COLUMNS FROM `mlmcms_user` [ RunTime:0.0125s ]

[ 2018-11-30T17:42:18+08:00 ] 127.0.0.1 /Login/every.js.map
ERR: 非法操作:every.js

[ 2018-11-30T17:42:20+08:00 ] 127.0.0.1 /index.php?m=&c=Login&a=login
INFO: [ app_begin ] --START--
INFO: Run Behavior\ReadHtmlCacheBehavior [ RunTime:0.000474s ]
INFO: [ app_begin ] --END-- [ RunTime:0.000930s ]
SQL: SHOW COLUMNS FROM `mlmcms_config` [ RunTime:0.0111s ]
SQL: SELECT `code`,`value` FROM `mlmcms_config`  [ RunTime:0.0129s ]
SQL: SHOW COLUMNS FROM `mlmcms_user` [ RunTime:0.0127s ]

[ 2018-11-30T17:42:39+08:00 ] 127.0.0.1 /Login/every.js.map
ERR: 非法操作:every.js

[ 2018-11-30T17:42:58+08:00 ] 127.0.0.1 /index.php?m=&c=Login&a=login
INFO: [ app_begin ] --START--
INFO: Run Behavior\ReadHtmlCacheBehavior [ RunTime:0.000619s ]
INFO: [ app_begin ] --END-- [ RunTime:0.001206s ]
SQL: SHOW COLUMNS FROM `mlmcms_config` [ RunTime:0.0132s ]
SQL: SELECT `code`,`value` FROM `mlmcms_config`  [ RunTime:0.0113s ]
SQL: SHOW COLUMNS FROM `mlmcms_user` [ RunTime:0.0108s ]

[ 2018-11-30T17:46:18+08:00 ] 127.0.0.1 /Login/every.js.map
ERR: 非法操作:every.js

[ 2018-11-30T17:46:28+08:00 ] 127.0.0.1 /index.php?m=&c=Login&a=login
INFO: [ app_begin ] --START--
INFO: Run Behavior\ReadHtmlCacheBehavior [ RunTime:0.000769s ]
INFO: [ app_begin ] --END-- [ RunTime:0.001181s ]
SQL: SHOW COLUMNS FROM `mlmcms_config` [ RunTime:0.0118s ]
SQL: SELECT `code`,`value` FROM `mlmcms_config`  [ RunTime:0.0124s ]
SQL: SHOW COLUMNS FROM `mlmcms_user` [ RunTime:0.0140s ]

[ 2018-11-30T17:52:47+08:00 ] 127.0.0.1 /Login/every.js.map
ERR: 非法操作:every.js

[ 2018-11-30T17:52:48+08:00 ] 127.0.0.1 /index.php?m=&c=Login&a=login
INFO: [ app_begin ] --START--
INFO: Run Behavior\ReadHtmlCacheBehavior [ RunTime:0.000460s ]
INFO: [ app_begin ] --END-- [ RunTime:0.000923s ]
SQL: SHOW COLUMNS FROM `mlmcms_config` [ RunTime:0.0123s ]
SQL: SELECT `code`,`value` FROM `mlmcms_config`  [ RunTime:0.0110s ]
SQL: SHOW COLUMNS FROM `mlmcms_user` [ RunTime:0.0121s ]

